<?xml version="1.0" encoding="UTF-8"?>
<testsuite xmlns:xsi="http://www.w3.org/2001/XMLSchema-instance" xsi:noNamespaceSchemaLocation="https://maven.apache.org/surefire/maven-surefire-plugin/xsd/surefire-test-report-3.0.xsd" version="3.0" name="com.administrator.filmarte.FilmarteApplicationTests" time="19.323" tests="1" errors="0" skipped="0" failures="0">
  <properties>
[...]
</properties>
  <testcase name="contextLoads" classname="com.administrator.filmarte.FilmarteApplicationTests" time="0.563">
    <system-out><![CDATA[04:04:44.790 [main] INFO org.springframework.test.context.support.AnnotationConfigContextLoaderUtils -- Could not detect default configuration classes for test class [com.administrator.filmarte.FilmarteApplicationTests]: FilmarteApplicationTests does not declare any static, non-private, non-final, nested classes annotated with @Configuration.
04:04:45.031 [main] INFO org.springframework.boot.test.context.SpringBootTestContextBootstrapper -- Found @SpringBootConfiguration com.administrator.filmarte.FilmarteApplication for test class com.administrator.filmarte.FilmarteApplicationTests

  .   ____          _            __ _ _
 /\\ / ___'_ __ _ _(_)_ __  __ _ \ \ \ \
( ( )\___ | '_ | '_| | '_ \/ _` | \ \ \ \
 \\/  ___)| |_)| | | | | || (_| |  ) ) ) )
  '  |____| .__|_| |_|_| |_\__, | / / / /
 =========|_|==============|___/=/_/_/_/
 :: Spring Boot ::                (v3.1.4)

2024-12-04T04:04:45.594-06:00  INFO 20732 --- [           main] c.a.filmarte.FilmarteApplicationTests    : Starting FilmarteApplicationTests using Java 21.0.2 with PID 20732 (started by amado in C:\Users\amado\Desktop\filmarte (1)\filmarte)
2024-12-04T04:04:45.595-06:00  INFO 20732 --- [           main] c.a.filmarte.FilmarteApplicationTests    : No active profile set, falling back to 1 default profile: "default"
2024-12-04T04:04:45.596-06:00 DEBUG 20732 --- [           main] o.s.boot.SpringApplication               : Loading source class com.administrator.filmarte.FilmarteApplication
2024-12-04T04:04:45.633-06:00 DEBUG 20732 --- [           main] o.s.w.c.s.GenericWebApplicationContext   : Refreshing org.springframework.web.context.support.GenericWebApplicationContext@473b3b7a
2024-12-04T04:04:45.652-06:00 DEBUG 20732 --- [           main] o.s.b.f.s.DefaultListableBeanFactory     : Creating shared instance of singleton bean 'org.springframework.context.annotation.internalConfigurationAnnotationProcessor'
2024-12-04T04:04:45.668-06:00 DEBUG 20732 --- [           main] o.s.b.f.s.DefaultListableBeanFactory     : Creating shared instance of singleton bean 'org.springframework.boot.autoconfigure.internalCachingMetadataReaderFactory'
2024-12-04T04:04:45.711-06:00 DEBUG 20732 --- [           main] o.s.c.a.ClassPathBeanDefinitionScanner   : Identified candidate component class: file [C:\Users\amado\Desktop\filmarte (1)\filmarte\target\classes\com\administrator\filmarte\configuration\ModelMapperConfig.class]
2024-12-04T04:04:45.766-06:00 DEBUG 20732 --- [           main] o.s.c.a.ClassPathBeanDefinitionScanner   : Identified candidate component class: file [C:\Users\amado\Desktop\filmarte (1)\filmarte\target\classes\com\administrator\filmarte\controller\ActorController.class]
2024-12-04T04:04:45.768-06:00 DEBUG 20732 --- [           main] o.s.c.a.ClassPathBeanDefinitionScanner   : Identified candidate component class: file [C:\Users\amado\Desktop\filmarte (1)\filmarte\target\classes\com\administrator\filmarte\controller\AdministratorController.class]
2024-12-04T04:04:45.770-06:00 DEBUG 20732 --- [           main] o.s.c.a.ClassPathBeanDefinitionScanner   : Identified candidate component class: file [C:\Users\amado\Desktop\filmarte (1)\filmarte\target\classes\com\administrator\filmarte\controller\CategoryController.class]
2024-12-04T04:04:45.771-06:00 DEBUG 20732 --- [           main] o.s.c.a.ClassPathBeanDefinitionScanner   : Identified candidate component class: file [C:\Users\amado\Desktop\filmarte (1)\filmarte\target\classes\com\administrator\filmarte\controller\CommentController.class]
2024-12-04T04:04:45.773-06:00 DEBUG 20732 --- [           main] o.s.c.a.ClassPathBeanDefinitionScanner   : Identified candidate component class: file [C:\Users\amado\Desktop\filmarte (1)\filmarte\target\classes\com\administrator\filmarte\controller\DirectorController.class]
2024-12-04T04:04:45.778-06:00 DEBUG 20732 --- [           main] o.s.c.a.ClassPathBeanDefinitionScanner   : Identified candidate component class: file [C:\Users\amado\Desktop\filmarte (1)\filmarte\target\classes\com\administrator\filmarte\controller\FavoritesListController.class]
2024-12-04T04:04:45.779-06:00 DEBUG 20732 --- [           main] o.s.c.a.ClassPathBeanDefinitionScanner   : Identified candidate component class: file [C:\Users\amado\Desktop\filmarte (1)\filmarte\target\classes\com\administrator\filmarte\controller\GenereController.class]
2024-12-04T04:04:45.781-06:00 DEBUG 20732 --- [           main] o.s.c.a.ClassPathBeanDefinitionScanner   : Identified candidate component class: file [C:\Users\amado\Desktop\filmarte (1)\filmarte\target\classes\com\administrator\filmarte\controller\HistoryController.class]
2024-12-04T04:04:45.783-06:00 DEBUG 20732 --- [           main] o.s.c.a.ClassPathBeanDefinitionScanner   : Identified candidate component class: file [C:\Users\amado\Desktop\filmarte (1)\filmarte\target\classes\com\administrator\filmarte\controller\MovieController.class]
2024-12-04T04:04:45.785-06:00 DEBUG 20732 --- [           main] o.s.c.a.ClassPathBeanDefinitionScanner   : Identified candidate component class: file [C:\Users\amado\Desktop\filmarte (1)\filmarte\target\classes\com\administrator\filmarte\controller\PayController.class]
2024-12-04T04:04:45.786-06:00 DEBUG 20732 --- [           main] o.s.c.a.ClassPathBeanDefinitionScanner   : Identified candidate component class: file [C:\Users\amado\Desktop\filmarte (1)\filmarte\target\classes\com\administrator\filmarte\controller\RewardController.class]
2024-12-04T04:04:45.788-06:00 DEBUG 20732 --- [           main] o.s.c.a.ClassPathBeanDefinitionScanner   : Identified candidate component class: file [C:\Users\amado\Desktop\filmarte (1)\filmarte\target\classes\com\administrator\filmarte\controller\ShareSocialNetworkController.class]
2024-12-04T04:04:45.790-06:00 DEBUG 20732 --- [           main] o.s.c.a.ClassPathBeanDefinitionScanner   : Identified candidate component class: file [C:\Users\amado\Desktop\filmarte (1)\filmarte\target\classes\com\administrator\filmarte\controller\SubscriptionController.class]
2024-12-04T04:04:45.795-06:00 DEBUG 20732 --- [           main] o.s.c.a.ClassPathBeanDefinitionScanner   : Identified candidate component class: file [C:\Users\amado\Desktop\filmarte (1)\filmarte\target\classes\com\administrator\filmarte\controller\UserController.class]
2024-12-04T04:04:45.803-06:00 DEBUG 20732 --- [           main] o.s.c.a.ClassPathBeanDefinitionScanner   : Identified candidate component class: file [C:\Users\amado\Desktop\filmarte (1)\filmarte\target\classes\com\administrator\filmarte\exception\ExceptionHandlerAdvice.class]
2024-12-04T04:04:45.847-06:00 DEBUG 20732 --- [           main] o.s.c.a.ClassPathBeanDefinitionScanner   : Ignored because not a concrete top-level class: file [C:\Users\amado\Desktop\filmarte (1)\filmarte\target\classes\com\administrator\filmarte\repository\ActorRepository.class]
2024-12-04T04:04:45.848-06:00 DEBUG 20732 --- [           main] o.s.c.a.ClassPathBeanDefinitionScanner   : Ignored because not a concrete top-level class: file [C:\Users\amado\Desktop\filmarte (1)\filmarte\target\classes\com\administrator\filmarte\repository\AdministratorRepository.class]
2024-12-04T04:04:45.849-06:00 DEBUG 20732 --- [           main] o.s.c.a.ClassPathBeanDefinitionScanner   : Ignored because not a concrete top-level class: file [C:\Users\amado\Desktop\filmarte (1)\filmarte\target\classes\com\administrator\filmarte\repository\CategoryRepository.class]
2024-12-04T04:04:45.850-06:00 DEBUG 20732 --- [           main] o.s.c.a.ClassPathBeanDefinitionScanner   : Ignored because not a concrete top-level class: file [C:\Users\amado\Desktop\filmarte (1)\filmarte\target\classes\com\administrator\filmarte\repository\CommentRepository.class]
2024-12-04T04:04:45.851-06:00 DEBUG 20732 --- [           main] o.s.c.a.ClassPathBeanDefinitionScanner   : Ignored because not a concrete top-level class: file [C:\Users\amado\Desktop\filmarte (1)\filmarte\target\classes\com\administrator\filmarte\repository\DirectorRepository.class]
2024-12-04T04:04:45.851-06:00 DEBUG 20732 --- [           main] o.s.c.a.ClassPathBeanDefinitionScanner   : Ignored because not a concrete top-level class: file [C:\Users\amado\Desktop\filmarte (1)\filmarte\target\classes\com\administrator\filmarte\repository\FavoritesListRepository.class]
2024-12-04T04:04:45.853-06:00 DEBUG 20732 --- [           main] o.s.c.a.ClassPathBeanDefinitionScanner   : Ignored because not a concrete top-level class: file [C:\Users\amado\Desktop\filmarte (1)\filmarte\target\classes\com\administrator\filmarte\repository\GenereRepository.class]
2024-12-04T04:04:45.853-06:00 DEBUG 20732 --- [           main] o.s.c.a.ClassPathBeanDefinitionScanner   : Ignored because not a concrete top-level class: file [C:\Users\amado\Desktop\filmarte (1)\filmarte\target\classes\com\administrator\filmarte\repository\HistoryRepository.class]
2024-12-04T04:04:45.854-06:00 DEBUG 20732 --- [           main] o.s.c.a.ClassPathBeanDefinitionScanner   : Ignored because not a concrete top-level class: file [C:\Users\amado\Desktop\filmarte (1)\filmarte\target\classes\com\administrator\filmarte\repository\MovieRepository.class]
2024-12-04T04:04:45.855-06:00 DEBUG 20732 --- [           main] o.s.c.a.ClassPathBeanDefinitionScanner   : Ignored because not a concrete top-level class: file [C:\Users\amado\Desktop\filmarte (1)\filmarte\target\classes\com\administrator\filmarte\repository\PayRepository.class]
2024-12-04T04:04:45.857-06:00 DEBUG 20732 --- [           main] o.s.c.a.ClassPathBeanDefinitionScanner   : Ignored because not a concrete top-level class: file [C:\Users\amado\Desktop\filmarte (1)\filmarte\target\classes\com\administrator\filmarte\repository\RewardRepository.class]
2024-12-04T04:04:45.859-06:00 DEBUG 20732 --- [           main] o.s.c.a.ClassPathBeanDefinitionScanner   : Ignored because not a concrete top-level class: file [C:\Users\amado\Desktop\filmarte (1)\filmarte\target\classes\com\administrator\filmarte\repository\ShareSocialNetworkRepository.class]
2024-12-04T04:04:45.863-06:00 DEBUG 20732 --- [           main] o.s.c.a.ClassPathBeanDefinitionScanner   : Ignored because not a concrete top-level class: file [C:\Users\amado\Desktop\filmarte (1)\filmarte\target\classes\com\administrator\filmarte\repository\SubscriptionRepository.class]
2024-12-04T04:04:45.864-06:00 DEBUG 20732 --- [           main] o.s.c.a.ClassPathBeanDefinitionScanner   : Ignored because not a concrete top-level class: file [C:\Users\amado\Desktop\filmarte (1)\filmarte\target\classes\com\administrator\filmarte\repository\UserRepository.class]
2024-12-04T04:04:45.868-06:00 DEBUG 20732 --- [           main] o.s.c.a.ClassPathBeanDefinitionScanner   : Identified candidate component class: file [C:\Users\amado\Desktop\filmarte (1)\filmarte\target\classes\com\administrator\filmarte\service\ActorService.class]
2024-12-04T04:04:45.869-06:00 DEBUG 20732 --- [           main] o.s.c.a.ClassPathBeanDefinitionScanner   : Identified candidate component class: file [C:\Users\amado\Desktop\filmarte (1)\filmarte\target\classes\com\administrator\filmarte\service\AdministratorService.class]
2024-12-04T04:04:45.870-06:00 DEBUG 20732 --- [           main] o.s.c.a.ClassPathBeanDefinitionScanner   : Identified candidate component class: file [C:\Users\amado\Desktop\filmarte (1)\filmarte\target\classes\com\administrator\filmarte\service\CategoryService.class]
2024-12-04T04:04:45.872-06:00 DEBUG 20732 --- [           main] o.s.c.a.ClassPathBeanDefinitionScanner   : Identified candidate component class: file [C:\Users\amado\Desktop\filmarte (1)\filmarte\target\classes\com\administrator\filmarte\service\CommentService.class]
2024-12-04T04:04:45.872-06:00 DEBUG 20732 --- [           main] o.s.c.a.ClassPathBeanDefinitionScanner   : Identified candidate component class: file [C:\Users\amado\Desktop\filmarte (1)\filmarte\target\classes\com\administrator\filmarte\service\DirectorService.class]
2024-12-04T04:04:45.878-06:00 DEBUG 20732 --- [           main] o.s.c.a.ClassPathBeanDefinitionScanner   : Identified candidate component class: file [C:\Users\amado\Desktop\filmarte (1)\filmarte\target\classes\com\administrator\filmarte\service\FavoritesListService.class]
2024-12-04T04:04:45.879-06:00 DEBUG 20732 --- [           main] o.s.c.a.ClassPathBeanDefinitionScanner   : Identified candidate component class: file [C:\Users\amado\Desktop\filmarte (1)\filmarte\target\classes\com\administrator\filmarte\service\GenereService.class]
2024-12-04T04:04:45.879-06:00 DEBUG 20732 --- [           main] o.s.c.a.ClassPathBeanDefinitionScanner   : Identified candidate component class: file [C:\Users\amado\Desktop\filmarte (1)\filmarte\target\classes\com\administrator\filmarte\service\HistoryService.class]
2024-12-04T04:04:45.880-06:00 DEBUG 20732 --- [           main] o.s.c.a.ClassPathBeanDefinitionScanner   : Identified candidate component class: file [C:\Users\amado\Desktop\filmarte (1)\filmarte\target\classes\com\administrator\filmarte\service\MovieService.class]
2024-12-04T04:04:45.880-06:00 DEBUG 20732 --- [           main] o.s.c.a.ClassPathBeanDefinitionScanner   : Identified candidate component class: file [C:\Users\amado\Desktop\filmarte (1)\filmarte\target\classes\com\administrator\filmarte\service\PayService.class]
2024-12-04T04:04:45.881-06:00 DEBUG 20732 --- [           main] o.s.c.a.ClassPathBeanDefinitionScanner   : Identified candidate component class: file [C:\Users\amado\Desktop\filmarte (1)\filmarte\target\classes\com\administrator\filmarte\service\RewardService.class]
2024-12-04T04:04:45.881-06:00 DEBUG 20732 --- [           main] o.s.c.a.ClassPathBeanDefinitionScanner   : Identified candidate component class: file [C:\Users\amado\Desktop\filmarte (1)\filmarte\target\classes\com\administrator\filmarte\service\ShareSocialNetworkService.class]
2024-12-04T04:04:45.881-06:00 DEBUG 20732 --- [           main] o.s.c.a.ClassPathBeanDefinitionScanner   : Identified candidate component class: file [C:\Users\amado\Desktop\filmarte (1)\filmarte\target\classes\com\administrator\filmarte\service\SubscriptionService.class]
2024-12-04T04:04:45.882-06:00 DEBUG 20732 --- [           main] o.s.c.a.ClassPathBeanDefinitionScanner   : Identified candidate component class: file [C:\Users\amado\Desktop\filmarte (1)\filmarte\target\classes\com\administrator\filmarte\service\UserService.class]
2024-12-04T04:04:46.546-06:00  INFO 20732 --- [           main] .s.d.r.c.RepositoryConfigurationDelegate : Multiple Spring Data modules found, entering strict repository configuration mode
2024-12-04T04:04:46.548-06:00  INFO 20732 --- [           main] .s.d.r.c.RepositoryConfigurationDelegate : Bootstrapping Spring Data JPA repositories in DEFAULT mode.
2024-12-04T04:04:46.554-06:00 DEBUG 20732 --- [           main] o.s.b.f.s.DefaultListableBeanFactory     : Creating shared instance of singleton bean 'org.springframework.boot.autoconfigure.AutoConfigurationPackages'
2024-12-04T04:04:46.560-06:00 DEBUG 20732 --- [           main] o.s.b.a.AutoConfigurationPackages        : @EnableAutoConfiguration was declared on a class in the package 'com.administrator.filmarte'. Automatic @Repository and @Entity scanning is enabled.
2024-12-04T04:04:46.560-06:00 DEBUG 20732 --- [           main] .s.d.r.c.RepositoryConfigurationDelegate : Scanning for JPA repositories in packages com.administrator.filmarte.
2024-12-04T04:04:46.575-06:00 DEBUG 20732 --- [           main] o.s.d.r.c.RepositoryComponentProvider    : Identified candidate component class: file [C:\Users\amado\Desktop\filmarte (1)\filmarte\target\classes\com\administrator\filmarte\repository\ActorRepository.class]
2024-12-04T04:04:46.575-06:00 DEBUG 20732 --- [           main] o.s.d.r.c.RepositoryComponentProvider    : Identified candidate component class: file [C:\Users\amado\Desktop\filmarte (1)\filmarte\target\classes\com\administrator\filmarte\repository\AdministratorRepository.class]
2024-12-04T04:04:46.575-06:00 DEBUG 20732 --- [           main] o.s.d.r.c.RepositoryComponentProvider    : Identified candidate component class: file [C:\Users\amado\Desktop\filmarte (1)\filmarte\target\classes\com\administrator\filmarte\repository\CategoryRepository.class]
2024-12-04T04:04:46.575-06:00 DEBUG 20732 --- [           main] o.s.d.r.c.RepositoryComponentProvider    : Identified candidate component class: file [C:\Users\amado\Desktop\filmarte (1)\filmarte\target\classes\com\administrator\filmarte\repository\CommentRepository.class]
2024-12-04T04:04:46.575-06:00 DEBUG 20732 --- [           main] o.s.d.r.c.RepositoryComponentProvider    : Identified candidate component class: file [C:\Users\amado\Desktop\filmarte (1)\filmarte\target\classes\com\administrator\filmarte\repository\DirectorRepository.class]
2024-12-04T04:04:46.576-06:00 DEBUG 20732 --- [           main] o.s.d.r.c.RepositoryComponentProvider    : Identified candidate component class: file [C:\Users\amado\Desktop\filmarte (1)\filmarte\target\classes\com\administrator\filmarte\repository\FavoritesListRepository.class]
2024-12-04T04:04:46.576-06:00 DEBUG 20732 --- [           main] o.s.d.r.c.RepositoryComponentProvider    : Identified candidate component class: file [C:\Users\amado\Desktop\filmarte (1)\filmarte\target\classes\com\administrator\filmarte\repository\GenereRepository.class]
2024-12-04T04:04:46.576-06:00 DEBUG 20732 --- [           main] o.s.d.r.c.RepositoryComponentProvider    : Identified candidate component class: file [C:\Users\amado\Desktop\filmarte (1)\filmarte\target\classes\com\administrator\filmarte\repository\HistoryRepository.class]
2024-12-04T04:04:46.576-06:00 DEBUG 20732 --- [           main] o.s.d.r.c.RepositoryComponentProvider    : Identified candidate component class: file [C:\Users\amado\Desktop\filmarte (1)\filmarte\target\classes\com\administrator\filmarte\repository\MovieRepository.class]
2024-12-04T04:04:46.576-06:00 DEBUG 20732 --- [           main] o.s.d.r.c.RepositoryComponentProvider    : Identified candidate component class: file [C:\Users\amado\Desktop\filmarte (1)\filmarte\target\classes\com\administrator\filmarte\repository\PayRepository.class]
2024-12-04T04:04:46.576-06:00 DEBUG 20732 --- [           main] o.s.d.r.c.RepositoryComponentProvider    : Identified candidate component class: file [C:\Users\amado\Desktop\filmarte (1)\filmarte\target\classes\com\administrator\filmarte\repository\RewardRepository.class]
2024-12-04T04:04:46.577-06:00 DEBUG 20732 --- [           main] o.s.d.r.c.RepositoryComponentProvider    : Identified candidate component class: file [C:\Users\amado\Desktop\filmarte (1)\filmarte\target\classes\com\administrator\filmarte\repository\ShareSocialNetworkRepository.class]
2024-12-04T04:04:46.577-06:00 DEBUG 20732 --- [           main] o.s.d.r.c.RepositoryComponentProvider    : Identified candidate component class: file [C:\Users\amado\Desktop\filmarte (1)\filmarte\target\classes\com\administrator\filmarte\repository\SubscriptionRepository.class]
2024-12-04T04:04:46.577-06:00 DEBUG 20732 --- [           main] o.s.d.r.c.RepositoryComponentProvider    : Identified candidate component class: file [C:\Users\amado\Desktop\filmarte (1)\filmarte\target\classes\com\administrator\filmarte\repository\UserRepository.class]
2024-12-04T04:04:46.688-06:00  INFO 20732 --- [           main] .RepositoryConfigurationExtensionSupport : Spring Data JPA - Could not safely identify store assignment for repository candidate interface com.administrator.filmarte.repository.ShareSocialNetworkRepository; If you want this repository to be a JPA repository, consider annotating your entities with one of these annotations: jakarta.persistence.Entity, jakarta.persistence.MappedSuperclass (preferred), or consider extending one of the following types with your repository: org.springframework.data.jpa.repository.JpaRepository
2024-12-04T04:04:46.717-06:00  INFO 20732 --- [           main] .s.d.r.c.RepositoryConfigurationDelegate : Finished Spring Data repository scanning in 155 ms. Found 13 JPA repository interfaces.
2024-12-04T04:04:46.754-06:00  INFO 20732 --- [           main] .s.d.r.c.RepositoryConfigurationDelegate : Multiple Spring Data modules found, entering strict repository configuration mode
2024-12-04T04:04:46.754-06:00  INFO 20732 --- [           main] .s.d.r.c.RepositoryConfigurationDelegate : Bootstrapping Spring Data MongoDB repositories in DEFAULT mode.
2024-12-04T04:04:46.754-06:00 DEBUG 20732 --- [           main] .s.d.r.c.RepositoryConfigurationDelegate : Scanning for MongoDB repositories in packages com.administrator.filmarte.
2024-12-04T04:04:46.758-06:00 DEBUG 20732 --- [           main] o.s.d.r.c.RepositoryComponentProvider    : Identified candidate component class: file [C:\Users\amado\Desktop\filmarte (1)\filmarte\target\classes\com\administrator\filmarte\repository\ActorRepository.class]
2024-12-04T04:04:46.758-06:00 DEBUG 20732 --- [           main] o.s.d.r.c.RepositoryComponentProvider    : Identified candidate component class: file [C:\Users\amado\Desktop\filmarte (1)\filmarte\target\classes\com\administrator\filmarte\repository\AdministratorRepository.class]
2024-12-04T04:04:46.758-06:00 DEBUG 20732 --- [           main] o.s.d.r.c.RepositoryComponentProvider    : Identified candidate component class: file [C:\Users\amado\Desktop\filmarte (1)\filmarte\target\classes\com\administrator\filmarte\repository\CategoryRepository.class]
2024-12-04T04:04:46.758-06:00 DEBUG 20732 --- [           main] o.s.d.r.c.RepositoryComponentProvider    : Identified candidate component class: file [C:\Users\amado\Desktop\filmarte (1)\filmarte\target\classes\com\administrator\filmarte\repository\CommentRepository.class]
2024-12-04T04:04:46.759-06:00 DEBUG 20732 --- [           main] o.s.d.r.c.RepositoryComponentProvider    : Identified candidate component class: file [C:\Users\amado\Desktop\filmarte (1)\filmarte\target\classes\com\administrator\filmarte\repository\DirectorRepository.class]
2024-12-04T04:04:46.759-06:00 DEBUG 20732 --- [           main] o.s.d.r.c.RepositoryComponentProvider    : Identified candidate component class: file [C:\Users\amado\Desktop\filmarte (1)\filmarte\target\classes\com\administrator\filmarte\repository\FavoritesListRepository.class]
2024-12-04T04:04:46.759-06:00 DEBUG 20732 --- [           main] o.s.d.r.c.RepositoryComponentProvider    : Identified candidate component class: file [C:\Users\amado\Desktop\filmarte (1)\filmarte\target\classes\com\administrator\filmarte\repository\GenereRepository.class]
2024-12-04T04:04:46.759-06:00 DEBUG 20732 --- [           main] o.s.d.r.c.RepositoryComponentProvider    : Identified candidate component class: file [C:\Users\amado\Desktop\filmarte (1)\filmarte\target\classes\com\administrator\filmarte\repository\HistoryRepository.class]
2024-12-04T04:04:46.759-06:00 DEBUG 20732 --- [           main] o.s.d.r.c.RepositoryComponentProvider    : Identified candidate component class: file [C:\Users\amado\Desktop\filmarte (1)\filmarte\target\classes\com\administrator\filmarte\repository\MovieRepository.class]
2024-12-04T04:04:46.759-06:00 DEBUG 20732 --- [           main] o.s.d.r.c.RepositoryComponentProvider    : Identified candidate component class: file [C:\Users\amado\Desktop\filmarte (1)\filmarte\target\classes\com\administrator\filmarte\repository\PayRepository.class]
2024-12-04T04:04:46.759-06:00 DEBUG 20732 --- [           main] o.s.d.r.c.RepositoryComponentProvider    : Identified candidate component class: file [C:\Users\amado\Desktop\filmarte (1)\filmarte\target\classes\com\administrator\filmarte\repository\RewardRepository.class]
2024-12-04T04:04:46.759-06:00 DEBUG 20732 --- [           main] o.s.d.r.c.RepositoryComponentProvider    : Identified candidate component class: file [C:\Users\amado\Desktop\filmarte (1)\filmarte\target\classes\com\administrator\filmarte\repository\ShareSocialNetworkRepository.class]
2024-12-04T04:04:46.759-06:00 DEBUG 20732 --- [           main] o.s.d.r.c.RepositoryComponentProvider    : Identified candidate component class: file [C:\Users\amado\Desktop\filmarte (1)\filmarte\target\classes\com\administrator\filmarte\repository\SubscriptionRepository.class]
2024-12-04T04:04:46.759-06:00 DEBUG 20732 --- [           main] o.s.d.r.c.RepositoryComponentProvider    : Identified candidate component class: file [C:\Users\amado\Desktop\filmarte (1)\filmarte\target\classes\com\administrator\filmarte\repository\UserRepository.class]
2024-12-04T04:04:46.762-06:00  INFO 20732 --- [           main] .RepositoryConfigurationExtensionSupport : Spring Data MongoDB - Could not safely identify store assignment for repository candidate interface com.administrator.filmarte.repository.ActorRepository; If you want this repository to be a MongoDB repository, consider annotating your entities with one of these annotations: org.springframework.data.mongodb.core.mapping.Document (preferred), or consider extending one of the following types with your repository: org.springframework.data.mongodb.repository.MongoRepository
2024-12-04T04:04:46.762-06:00  INFO 20732 --- [           main] .RepositoryConfigurationExtensionSupport : Spring Data MongoDB - Could not safely identify store assignment for repository candidate interface com.administrator.filmarte.repository.AdministratorRepository; If you want this repository to be a MongoDB repository, consider annotating your entities with one of these annotations: org.springframework.data.mongodb.core.mapping.Document (preferred), or consider extending one of the following types with your repository: org.springframework.data.mongodb.repository.MongoRepository
2024-12-04T04:04:46.762-06:00  INFO 20732 --- [           main] .RepositoryConfigurationExtensionSupport : Spring Data MongoDB - Could not safely identify store assignment for repository candidate interface com.administrator.filmarte.repository.CategoryRepository; If you want this repository to be a MongoDB repository, consider annotating your entities with one of these annotations: org.springframework.data.mongodb.core.mapping.Document (preferred), or consider extending one of the following types with your repository: org.springframework.data.mongodb.repository.MongoRepository
2024-12-04T04:04:46.763-06:00  INFO 20732 --- [           main] .RepositoryConfigurationExtensionSupport : Spring Data MongoDB - Could not safely identify store assignment for repository candidate interface com.administrator.filmarte.repository.CommentRepository; If you want this repository to be a MongoDB repository, consider annotating your entities with one of these annotations: org.springframework.data.mongodb.core.mapping.Document (preferred), or consider extending one of the following types with your repository: org.springframework.data.mongodb.repository.MongoRepository
2024-12-04T04:04:46.763-06:00  INFO 20732 --- [           main] .RepositoryConfigurationExtensionSupport : Spring Data MongoDB - Could not safely identify store assignment for repository candidate interface com.administrator.filmarte.repository.DirectorRepository; If you want this repository to be a MongoDB repository, consider annotating your entities with one of these annotations: org.springframework.data.mongodb.core.mapping.Document (preferred), or consider extending one of the following types with your repository: org.springframework.data.mongodb.repository.MongoRepository
2024-12-04T04:04:46.763-06:00  INFO 20732 --- [           main] .RepositoryConfigurationExtensionSupport : Spring Data MongoDB - Could not safely identify store assignment for repository candidate interface com.administrator.filmarte.repository.FavoritesListRepository; If you want this repository to be a MongoDB repository, consider annotating your entities with one of these annotations: org.springframework.data.mongodb.core.mapping.Document (preferred), or consider extending one of the following types with your repository: org.springframework.data.mongodb.repository.MongoRepository
2024-12-04T04:04:46.763-06:00  INFO 20732 --- [           main] .RepositoryConfigurationExtensionSupport : Spring Data MongoDB - Could not safely identify store assignment for repository candidate interface com.administrator.filmarte.repository.GenereRepository; If you want this repository to be a MongoDB repository, consider annotating your entities with one of these annotations: org.springframework.data.mongodb.core.mapping.Document (preferred), or consider extending one of the following types with your repository: org.springframework.data.mongodb.repository.MongoRepository
2024-12-04T04:04:46.763-06:00  INFO 20732 --- [           main] .RepositoryConfigurationExtensionSupport : Spring Data MongoDB - Could not safely identify store assignment for repository candidate interface com.administrator.filmarte.repository.HistoryRepository; If you want this repository to be a MongoDB repository, consider annotating your entities with one of these annotations: org.springframework.data.mongodb.core.mapping.Document (preferred), or consider extending one of the following types with your repository: org.springframework.data.mongodb.repository.MongoRepository
2024-12-04T04:04:46.763-06:00  INFO 20732 --- [           main] .RepositoryConfigurationExtensionSupport : Spring Data MongoDB - Could not safely identify store assignment for repository candidate interface com.administrator.filmarte.repository.MovieRepository; If you want this repository to be a MongoDB repository, consider annotating your entities with one of these annotations: org.springframework.data.mongodb.core.mapping.Document (preferred), or consider extending one of the following types with your repository: org.springframework.data.mongodb.repository.MongoRepository
2024-12-04T04:04:46.763-06:00  INFO 20732 --- [           main] .RepositoryConfigurationExtensionSupport : Spring Data MongoDB - Could not safely identify store assignment for repository candidate interface com.administrator.filmarte.repository.PayRepository; If you want this repository to be a MongoDB repository, consider annotating your entities with one of these annotations: org.springframework.data.mongodb.core.mapping.Document (preferred), or consider extending one of the following types with your repository: org.springframework.data.mongodb.repository.MongoRepository
2024-12-04T04:04:46.764-06:00  INFO 20732 --- [           main] .RepositoryConfigurationExtensionSupport : Spring Data MongoDB - Could not safely identify store assignment for repository candidate interface com.administrator.filmarte.repository.RewardRepository; If you want this repository to be a MongoDB repository, consider annotating your entities with one of these annotations: org.springframework.data.mongodb.core.mapping.Document (preferred), or consider extending one of the following types with your repository: org.springframework.data.mongodb.repository.MongoRepository
2024-12-04T04:04:46.764-06:00  INFO 20732 --- [           main] .RepositoryConfigurationExtensionSupport : Spring Data MongoDB - Could not safely identify store assignment for repository candidate interface com.administrator.filmarte.repository.SubscriptionRepository; If you want this repository to be a MongoDB repository, consider annotating your entities with one of these annotations: org.springframework.data.mongodb.core.mapping.Document (preferred), or consider extending one of the following types with your repository: org.springframework.data.mongodb.repository.MongoRepository
2024-12-04T04:04:46.764-06:00  INFO 20732 --- [           main] .RepositoryConfigurationExtensionSupport : Spring Data MongoDB - Could not safely identify store assignment for repository candidate interface com.administrator.filmarte.repository.UserRepository; If you want this repository to be a MongoDB repository, consider annotating your entities with one of these annotations: org.springframework.data.mongodb.core.mapping.Document (preferred), or consider extending one of the following types with your repository: org.springframework.data.mongodb.repository.MongoRepository
2024-12-04T04:04:46.768-06:00  INFO 20732 --- [           main] .s.d.r.c.RepositoryConfigurationDelegate : Finished Spring Data repository scanning in 13 ms. Found 1 MongoDB repository interfaces.
2024-12-04T04:04:46.953-06:00 DEBUG 20732 --- [           main] o.s.b.f.s.DefaultListableBeanFactory     : Creating shared instance of singleton bean 'propertySourcesPlaceholderConfigurer'
2024-12-04T04:04:46.959-06:00 DEBUG 20732 --- [           main] o.s.b.f.s.DefaultListableBeanFactory     : Creating shared instance of singleton bean 'org.springframework.boot.test.mock.mockito.MockitoPostProcessor'
2024-12-04T04:04:46.960-06:00 DEBUG 20732 --- [           main] o.s.b.f.s.DefaultListableBeanFactory     : Creating shared instance of singleton bean 'emBeanDefinitionRegistrarPostProcessor'
2024-12-04T04:04:46.960-06:00 DEBUG 20732 --- [           main] o.s.b.f.s.DefaultListableBeanFactory     : Creating shared instance of singleton bean 'org.springframework.boot.sql.init.dependency.DatabaseInitializationDependencyConfigurer$DependsOnDatabaseInitializationPostProcessor'
2024-12-04T04:04:47.122-06:00 DEBUG 20732 --- [           main] o.s.b.f.s.DefaultListableBeanFactory     : Creating shared instance of singleton bean 'org.springframework.context.event.internalEventListenerProcessor'
2024-12-04T04:04:47.123-06:00 DEBUG 20732 --- [           main] o.s.b.f.s.DefaultListableBeanFactory     : Creating shared instance of singleton bean 'preserveErrorControllerTargetClassPostProcessor'
2024-12-04T04:04:47.124-06:00 DEBUG 20732 --- [           main] o.s.b.f.s.DefaultListableBeanFactory     : Creating shared instance of singleton bean 'org.springframework.context.event.internalEventListenerFactory'
2024-12-04T04:04:47.125-06:00 DEBUG 20732 --- [           main] o.s.b.f.s.DefaultListableBeanFactory     : Creating shared instance of singleton bean 'org.springframework.transaction.config.internalTransactionalEventListenerFactory'
2024-12-04T04:04:47.129-06:00 DEBUG 20732 --- [           main] o.s.b.f.s.DefaultListableBeanFactory     : Creating shared instance of singleton bean 'org.springframework.boot.test.mock.mockito.MockitoPostProcessor$SpyPostProcessor'
2024-12-04T04:04:47.131-06:00 DEBUG 20732 --- [           main] o.s.b.f.s.DefaultListableBeanFactory     : Creating shared instance of singleton bean 'org.springframework.context.annotation.internalAutowiredAnnotationProcessor'
2024-12-04T04:04:47.132-06:00 DEBUG 20732 --- [           main] o.s.b.f.s.DefaultListableBeanFactory     : Creating shared instance of singleton bean 'org.springframework.context.annotation.internalCommonAnnotationProcessor'
2024-12-04T04:04:47.136-06:00 DEBUG 20732 --- [           main] o.s.b.f.s.DefaultListableBeanFactory     : Creating shared instance of singleton bean 'org.springframework.context.annotation.internalPersistenceAnnotationProcessor'
2024-12-04T04:04:47.137-06:00 DEBUG 20732 --- [           main] o.s.b.f.s.DefaultListableBeanFactory     : Creating shared instance of singleton bean 'org.springframework.boot.context.properties.ConfigurationPropertiesBindingPostProcessor'
2024-12-04T04:04:47.137-06:00 DEBUG 20732 --- [           main] o.s.b.f.s.DefaultListableBeanFactory     : Creating shared instance of singleton bean 'org.springframework.boot.context.internalConfigurationPropertiesBinder'
2024-12-04T04:04:47.140-06:00 DEBUG 20732 --- [           main] o.s.b.f.s.DefaultListableBeanFactory     : Creating shared instance of singleton bean 'jdbcConnectionDetailsHikariBeanPostProcessor'
2024-12-04T04:04:47.146-06:00 DEBUG 20732 --- [           main] o.s.b.f.s.DefaultListableBeanFactory     : Creating shared instance of singleton bean 'methodValidationPostProcessor'
2024-12-04T04:04:47.163-06:00 DEBUG 20732 --- [           main] o.s.b.f.s.DefaultListableBeanFactory     : Autowiring by type from bean name 'methodValidationPostProcessor' via factory method to bean named 'environment'
2024-12-04T04:04:47.166-06:00 DEBUG 20732 --- [           main] o.s.b.f.s.DefaultListableBeanFactory     : Creating shared instance of singleton bean 'org.springframework.boot.context.properties.EnableConfigurationPropertiesRegistrar.methodValidationExcludeFilter'
2024-12-04T04:04:47.184-06:00 DEBUG 20732 --- [           main] o.s.b.f.s.DefaultListableBeanFactory     : Creating shared instance of singleton bean 'org.springframework.aop.config.internalAutoProxyCreator'
2024-12-04T04:04:47.207-06:00 DEBUG 20732 --- [           main] o.s.b.f.s.DefaultListableBeanFactory     : Creating shared instance of singleton bean 'persistenceExceptionTranslationPostProcessor'
2024-12-04T04:04:47.210-06:00 DEBUG 20732 --- [           main] o.s.b.f.s.DefaultListableBeanFactory     : Autowiring by type from bean name 'persistenceExceptionTranslationPostProcessor' via factory method to bean named 'environment'
2024-12-04T04:04:47.213-06:00 DEBUG 20732 --- [           main] o.s.b.f.s.DefaultListableBeanFactory     : Creating shared instance of singleton bean 'webServerFactoryCustomizerBeanPostProcessor'
2024-12-04T04:04:47.215-06:00 DEBUG 20732 --- [           main] o.s.b.f.s.DefaultListableBeanFactory     : Creating shared instance of singleton bean 'errorPageRegistrarBeanPostProcessor'
2024-12-04T04:04:47.216-06:00 DEBUG 20732 --- [           main] o.s.b.f.s.DefaultListableBeanFactory     : Creating shared instance of singleton bean 'projectingArgumentResolverBeanPostProcessor'
2024-12-04T04:04:47.218-06:00 DEBUG 20732 --- [           main] o.s.b.f.s.DefaultListableBeanFactory     : Creating shared instance of singleton bean 'org.springframework.transaction.config.internalTransactionAdvisor'
2024-12-04T04:04:47.218-06:00 DEBUG 20732 --- [           main] o.s.b.f.s.DefaultListableBeanFactory     : Creating shared instance of singleton bean 'org.springframework.transaction.annotation.ProxyTransactionManagementConfiguration'
2024-12-04T04:04:47.234-06:00 DEBUG 20732 --- [           main] o.s.b.f.s.DefaultListableBeanFactory     : Creating shared instance of singleton bean 'transactionAttributeSource'
2024-12-04T04:04:47.237-06:00 DEBUG 20732 --- [           main] o.s.b.f.s.DefaultListableBeanFactory     : Creating shared instance of singleton bean 'transactionInterceptor'
2024-12-04T04:04:47.238-06:00 DEBUG 20732 --- [           main] o.s.b.f.s.DefaultListableBeanFactory     : Autowiring by type from bean name 'transactionInterceptor' via factory method to bean named 'transactionAttributeSource'
2024-12-04T04:04:47.250-06:00 DEBUG 20732 --- [           main] o.s.b.f.s.DefaultListableBeanFactory     : Autowiring by type from bean name 'org.springframework.transaction.config.internalTransactionAdvisor' via factory method to bean named 'transactionAttributeSource'
2024-12-04T04:04:47.250-06:00 DEBUG 20732 --- [           main] o.s.b.f.s.DefaultListableBeanFactory     : Autowiring by type from bean name 'org.springframework.transaction.config.internalTransactionAdvisor' via factory method to bean named 'transactionInterceptor'
2024-12-04T04:04:47.285-06:00 DEBUG 20732 --- [           main] o.s.u.c.s.UiApplicationContextUtils      : Unable to locate ThemeSource with name 'themeSource': using default [org.springframework.ui.context.support.ResourceBundleThemeSource@4525e9e8]
2024-12-04T04:04:47.287-06:00 DEBUG 20732 --- [           main] o.s.b.f.s.DefaultListableBeanFactory     : Creating shared instance of singleton bean 'dataSourceScriptDatabaseInitializer'
2024-12-04T04:04:47.287-06:00 DEBUG 20732 --- [           main] o.s.b.f.s.DefaultListableBeanFactory     : Creating shared instance of singleton bean 'org.springframework.boot.autoconfigure.sql.init.DataSourceInitializationConfiguration'
2024-12-04T04:04:47.289-06:00 DEBUG 20732 --- [           main] o.s.b.f.s.DefaultListableBeanFactory     : Creating shared instance of singleton bean 'dataSource'
2024-12-04T04:04:47.289-06:00 DEBUG 20732 --- [           main] o.s.b.f.s.DefaultListableBeanFactory     : Creating shared instance of singleton bean 'org.springframework.boot.autoconfigure.jdbc.DataSourceConfiguration$Hikari'
2024-12-04T04:04:47.291-06:00 DEBUG 20732 --- [           main] o.s.b.f.s.DefaultListableBeanFactory     : Creating shared instance of singleton bean 'spring.datasource-org.springframework.boot.autoconfigure.jdbc.DataSourceProperties'
2024-12-04T04:04:47.292-06:00 DEBUG 20732 --- [           main] o.s.b.f.s.DefaultListableBeanFactory     : Creating shared instance of singleton bean 'org.springframework.boot.context.properties.BoundConfigurationProperties'
2024-12-04T04:04:47.316-06:00 DEBUG 20732 --- [           main] o.s.b.f.s.DefaultListableBeanFactory     : Creating shared instance of singleton bean 'jdbcConnectionDetails'
2024-12-04T04:04:47.317-06:00 DEBUG 20732 --- [           main] o.s.b.f.s.DefaultListableBeanFactory     : Creating shared instance of singleton bean 'org.springframework.boot.autoconfigure.jdbc.DataSourceAutoConfiguration$PooledDataSourceConfiguration'
2024-12-04T04:04:47.318-06:00 DEBUG 20732 --- [           main] o.s.b.f.s.DefaultListableBeanFactory     : Autowiring by type from bean name 'jdbcConnectionDetails' via factory method to bean named 'spring.datasource-org.springframework.boot.autoconfigure.jdbc.DataSourceProperties'
2024-12-04T04:04:47.320-06:00 DEBUG 20732 --- [           main] o.s.b.f.s.DefaultListableBeanFactory     : Autowiring by type from bean name 'dataSource' via factory method to bean named 'spring.datasource-org.springframework.boot.autoconfigure.jdbc.DataSourceProperties'
2024-12-04T04:04:47.320-06:00 DEBUG 20732 --- [           main] o.s.b.f.s.DefaultListableBeanFactory     : Autowiring by type from bean name 'dataSource' via factory method to bean named 'jdbcConnectionDetails'
2024-12-04T04:04:47.346-06:00 DEBUG 20732 --- [           main] o.s.b.f.s.DefaultListableBeanFactory     : Creating shared instance of singleton bean 'spring.sql.init-org.springframework.boot.autoconfigure.sql.init.SqlInitializationProperties'
2024-12-04T04:04:47.349-06:00 DEBUG 20732 --- [           main] o.s.b.f.s.DefaultListableBeanFactory     : Autowiring by type from bean name 'dataSourceScriptDatabaseInitializer' via factory method to bean named 'dataSource'
2024-12-04T04:04:47.349-06:00 DEBUG 20732 --- [           main] o.s.b.f.s.DefaultListableBeanFactory     : Autowiring by type from bean name 'dataSourceScriptDatabaseInitializer' via factory method to bean named 'spring.sql.init-org.springframework.boot.autoconfigure.sql.init.SqlInitializationProperties'
2024-12-04T04:04:47.355-06:00 DEBUG 20732 --- [           main] o.s.b.f.s.DefaultListableBeanFactory     : Creating shared instance of singleton bean 'entityManagerFactory'
2024-12-04T04:04:47.355-06:00 DEBUG 20732 --- [           main] o.s.b.f.s.DefaultListableBeanFactory     : Creating shared instance of singleton bean 'org.springframework.boot.autoconfigure.orm.jpa.HibernateJpaConfiguration'
2024-12-04T04:04:47.357-06:00 DEBUG 20732 --- [           main] o.s.b.f.s.DefaultListableBeanFactory     : Creating shared instance of singleton bean 'spring.jpa-org.springframework.boot.autoconfigure.orm.jpa.JpaProperties'
2024-12-04T04:04:47.363-06:00 DEBUG 20732 --- [           main] o.s.b.f.s.DefaultListableBeanFactory     : Creating shared instance of singleton bean 'spring.jpa.hibernate-org.springframework.boot.autoconfigure.orm.jpa.HibernateProperties'
2024-12-04T04:04:47.367-06:00 DEBUG 20732 --- [           main] o.s.b.f.s.DefaultListableBeanFactory     : Autowiring by type from bean name 'org.springframework.boot.autoconfigure.orm.jpa.HibernateJpaConfiguration' via constructor to bean named 'dataSource'
2024-12-04T04:04:47.367-06:00 DEBUG 20732 --- [           main] o.s.b.f.s.DefaultListableBeanFactory     : Autowiring by type from bean name 'org.springframework.boot.autoconfigure.orm.jpa.HibernateJpaConfiguration' via constructor to bean named 'spring.jpa-org.springframework.boot.autoconfigure.orm.jpa.JpaProperties'
2024-12-04T04:04:47.367-06:00 DEBUG 20732 --- [           main] o.s.b.f.s.DefaultListableBeanFactory     : Autowiring by type from bean name 'org.springframework.boot.autoconfigure.orm.jpa.HibernateJpaConfiguration' via constructor to bean named 'org.springframework.beans.factory.support.DefaultListableBeanFactory@100f9bbe'
2024-12-04T04:04:47.367-06:00 DEBUG 20732 --- [           main] o.s.b.f.s.DefaultListableBeanFactory     : Autowiring by type from bean name 'org.springframework.boot.autoconfigure.orm.jpa.HibernateJpaConfiguration' via constructor to bean named 'spring.jpa.hibernate-org.springframework.boot.autoconfigure.orm.jpa.HibernateProperties'
2024-12-04T04:04:47.373-06:00 DEBUG 20732 --- [           main] o.s.b.f.s.DefaultListableBeanFactory     : Creating shared instance of singleton bean 'hikariPoolDataSourceMetadataProvider'
2024-12-04T04:04:47.374-06:00 DEBUG 20732 --- [           main] o.s.b.f.s.DefaultListableBeanFactory     : Creating shared instance of singleton bean 'org.springframework.boot.autoconfigure.jdbc.metadata.DataSourcePoolMetadataProvidersConfiguration$HikariPoolDataSourceMetadataProviderConfiguration'
2024-12-04T04:04:47.383-06:00 DEBUG 20732 --- [           main] o.s.b.f.s.DefaultListableBeanFactory     : Creating shared instance of singleton bean 'entityManagerFactoryBuilder'
2024-12-04T04:04:47.384-06:00 DEBUG 20732 --- [           main] o.s.b.f.s.DefaultListableBeanFactory     : Creating shared instance of singleton bean 'jpaVendorAdapter'
2024-12-04T04:04:47.397-06:00 DEBUG 20732 --- [           main] o.s.b.f.s.DefaultListableBeanFactory     : Autowiring by type from bean name 'entityManagerFactoryBuilder' via factory method to bean named 'jpaVendorAdapter'
2024-12-04T04:04:47.401-06:00 DEBUG 20732 --- [           main] o.s.b.f.s.DefaultListableBeanFactory     : Creating shared instance of singleton bean 'persistenceManagedTypes'
2024-12-04T04:04:47.402-06:00 DEBUG 20732 --- [           main] o.s.b.f.s.DefaultListableBeanFactory     : Autowiring by type from bean name 'persistenceManagedTypes' via factory method to bean named 'org.springframework.beans.factory.support.DefaultListableBeanFactory@100f9bbe'
2024-12-04T04:04:47.402-06:00 DEBUG 20732 --- [           main] o.s.b.f.s.DefaultListableBeanFactory     : Autowiring by type from bean name 'persistenceManagedTypes' via factory method to bean named 'org.springframework.web.context.support.GenericWebApplicationContext@473b3b7a'
2024-12-04T04:04:47.414-06:00 DEBUG 20732 --- [           main] o.s.b.f.s.DefaultListableBeanFactory     : Autowiring by type from bean name 'entityManagerFactory' via factory method to bean named 'entityManagerFactoryBuilder'
2024-12-04T04:04:47.414-06:00 DEBUG 20732 --- [           main] o.s.b.f.s.DefaultListableBeanFactory     : Autowiring by type from bean name 'entityManagerFactory' via factory method to bean named 'persistenceManagedTypes'
2024-12-04T04:04:47.435-06:00 DEBUG 20732 --- [           main] j.LocalContainerEntityManagerFactoryBean : Building JPA container EntityManagerFactory for persistence unit 'default'
2024-12-04T04:04:47.454-06:00  INFO 20732 --- [           main] o.hibernate.jpa.internal.util.LogHelper  : HHH000204: Processing PersistenceUnitInfo [name: default]
2024-12-04T04:04:47.602-06:00  INFO 20732 --- [           main] org.hibernate.Version                    : HHH000412: Hibernate ORM core version 6.2.9.Final
2024-12-04T04:04:47.608-06:00  INFO 20732 --- [           main] org.hibernate.cfg.Environment            : HHH000406: Using bytecode reflection optimizer
2024-12-04T04:04:47.836-06:00  INFO 20732 --- [           main] o.h.b.i.BytecodeProviderInitiator        : HHH000021: Bytecode provider name : bytebuddy
2024-12-04T04:04:48.026-06:00  INFO 20732 --- [           main] o.s.o.j.p.SpringPersistenceUnitInfo      : No LoadTimeWeaver setup: ignoring JPA class transformer
2024-12-04T04:04:48.046-06:00  INFO 20732 --- [           main] com.zaxxer.hikari.HikariDataSource       : HikariPool-1 - Starting...
2024-12-04T04:04:51.488-06:00  INFO 20732 --- [           main] com.zaxxer.hikari.pool.HikariPool        : HikariPool-1 - Added connection com.mysql.cj.jdbc.ConnectionImpl@36a58466
2024-12-04T04:04:51.493-06:00  INFO 20732 --- [           main] com.zaxxer.hikari.HikariDataSource       : HikariPool-1 - Start completed.
2024-12-04T04:04:52.155-06:00  INFO 20732 --- [           main] o.h.b.i.BytecodeProviderInitiator        : HHH000021: Bytecode provider name : bytebuddy
2024-12-04T04:04:53.490-06:00  INFO 20732 --- [           main] o.h.e.t.j.p.i.JtaPlatformInitiator       : HHH000490: Using JtaPlatform implementation: [org.hibernate.engine.transaction.jta.platform.internal.NoJtaPlatform]
2024-12-04T04:04:58.727-06:00  INFO 20732 --- [           main] j.LocalContainerEntityManagerFactoryBean : Initialized JPA EntityManagerFactory for persistence unit 'default'
2024-12-04T04:04:58.734-06:00 DEBUG 20732 --- [           main] o.s.b.f.s.DefaultListableBeanFactory     : Creating shared instance of singleton bean 'filmarteApplication'
2024-12-04T04:04:58.737-06:00 DEBUG 20732 --- [           main] o.s.b.f.s.DefaultListableBeanFactory     : Creating shared instance of singleton bean 'modelMapperConfig'
2024-12-04T04:04:58.739-06:00 DEBUG 20732 --- [           main] o.s.b.f.s.DefaultListableBeanFactory     : Creating shared instance of singleton bean 'actorController'
2024-12-04T04:04:58.759-06:00 DEBUG 20732 --- [           main] o.s.b.f.s.DefaultListableBeanFactory     : Creating shared instance of singleton bean 'actorService'
2024-12-04T04:04:58.762-06:00 DEBUG 20732 --- [           main] o.s.b.f.s.DefaultListableBeanFactory     : Creating shared instance of singleton bean 'actorRepository'
2024-12-04T04:04:58.780-06:00 DEBUG 20732 --- [           main] o.s.b.f.s.DefaultListableBeanFactory     : Creating shared instance of singleton bean 'jpa.named-queries#8'
2024-12-04T04:04:58.786-06:00 DEBUG 20732 --- [           main] o.s.b.f.s.DefaultListableBeanFactory     : Creating shared instance of singleton bean 'jpa.ActorRepository.fragments#0'
2024-12-04T04:04:58.794-06:00 DEBUG 20732 --- [           main] o.s.b.f.s.DefaultListableBeanFactory     : Creating shared instance of singleton bean 'jpaSharedEM_entityManagerFactory'
2024-12-04T04:04:58.860-06:00 DEBUG 20732 --- [           main] o.s.b.f.s.DefaultListableBeanFactory     : Creating shared instance of singleton bean 'jpaMappingContext'
2024-12-04T04:04:58.861-06:00 DEBUG 20732 --- [           main] .c.JpaMetamodelMappingContextFactoryBean : Initializing JpaMetamodelMappingContext…
2024-12-04T04:04:58.899-06:00 DEBUG 20732 --- [           main] .c.JpaMetamodelMappingContextFactoryBean : Finished initializing JpaMetamodelMappingContext
2024-12-04T04:04:58.981-06:00 DEBUG 20732 --- [           main] tor$SharedEntityManagerInvocationHandler : Creating new EntityManager for shared EntityManager invocation
2024-12-04T04:04:59.083-06:00 DEBUG 20732 --- [           main] tor$SharedEntityManagerInvocationHandler : Creating new EntityManager for shared EntityManager invocation
2024-12-04T04:04:59.172-06:00 DEBUG 20732 --- [           main] o.s.d.r.c.s.RepositoryFactorySupport     : Initializing repository instance for com.administrator.filmarte.repository.ActorRepository…
2024-12-04T04:04:59.214-06:00 DEBUG 20732 --- [           main] tor$SharedEntityManagerInvocationHandler : Creating new EntityManager for shared EntityManager invocation
2024-12-04T04:04:59.427-06:00  INFO 20732 --- [           main] o.s.d.j.r.query.QueryEnhancerFactory     : Hibernate is in classpath; If applicable, HQL parser will be used.
2024-12-04T04:04:59.816-06:00 DEBUG 20732 --- [           main] o.s.d.jpa.repository.query.NamedQuery    : Did not find named query Actor.getActorsByFirstName.count
2024-12-04T04:04:59.818-06:00 DEBUG 20732 --- [           main] tor$SharedEntityManagerInvocationHandler : Creating new EntityManager for shared EntityManager invocation
2024-12-04T04:05:00.245-06:00 DEBUG 20732 --- [           main] o.s.d.jpa.repository.query.NamedQuery    : Did not find named query Actor.getActorsByFirstNameAndLastName.count
2024-12-04T04:05:00.245-06:00 DEBUG 20732 --- [           main] tor$SharedEntityManagerInvocationHandler : Creating new EntityManager for shared EntityManager invocation
2024-12-04T04:05:00.262-06:00 DEBUG 20732 --- [           main] o.s.d.jpa.repository.query.NamedQuery    : Looking up named query Actor.findByFirstNameContainingIgnoreCase
2024-12-04T04:05:00.262-06:00 DEBUG 20732 --- [           main] o.s.d.jpa.repository.query.NamedQuery    : Did not find named query Actor.findByFirstNameContainingIgnoreCase
2024-12-04T04:05:00.265-06:00 DEBUG 20732 --- [           main] tor$SharedEntityManagerInvocationHandler : Creating new EntityManager for shared EntityManager invocation
2024-12-04T04:05:00.322-06:00 DEBUG 20732 --- [           main] o.s.d.jpa.repository.query.NamedQuery    : Did not find named query Actor.getActorsByLastName.count
2024-12-04T04:05:00.323-06:00 DEBUG 20732 --- [           main] tor$SharedEntityManagerInvocationHandler : Creating new EntityManager for shared EntityManager invocation
2024-12-04T04:05:00.325-06:00 DEBUG 20732 --- [           main] o.s.d.jpa.repository.query.NamedQuery    : Looking up named query Actor.findByLastNameContainingIgnoreCase
2024-12-04T04:05:00.325-06:00 DEBUG 20732 --- [           main] o.s.d.jpa.repository.query.NamedQuery    : Did not find named query Actor.findByLastNameContainingIgnoreCase
2024-12-04T04:05:00.326-06:00 DEBUG 20732 --- [           main] tor$SharedEntityManagerInvocationHandler : Creating new EntityManager for shared EntityManager invocation
2024-12-04T04:05:00.339-06:00 DEBUG 20732 --- [           main] o.s.d.jpa.repository.query.NamedQuery    : Did not find named query Actor.getActorsByFirstNameStartingWith.count
2024-12-04T04:05:00.340-06:00 DEBUG 20732 --- [           main] tor$SharedEntityManagerInvocationHandler : Creating new EntityManager for shared EntityManager invocation
2024-12-04T04:05:00.348-06:00 DEBUG 20732 --- [           main] o.s.d.jpa.repository.query.NamedQuery    : Looking up named query Actor.findByDescriptionContainingIgnoreCase
2024-12-04T04:05:00.349-06:00 DEBUG 20732 --- [           main] o.s.d.jpa.repository.query.NamedQuery    : Did not find named query Actor.findByDescriptionContainingIgnoreCase
2024-12-04T04:05:00.349-06:00 DEBUG 20732 --- [           main] tor$SharedEntityManagerInvocationHandler : Creating new EntityManager for shared EntityManager invocation
2024-12-04T04:05:00.355-06:00 DEBUG 20732 --- [           main] o.s.d.r.c.s.RepositoryFactorySupport     : Finished creation of repository instance for com.administrator.filmarte.repository.ActorRepository.
2024-12-04T04:05:00.406-06:00 DEBUG 20732 --- [           main] o.s.b.f.s.DefaultListableBeanFactory     : Creating shared instance of singleton bean 'administratorController'
2024-12-04T04:05:00.409-06:00 DEBUG 20732 --- [           main] o.s.b.f.s.DefaultListableBeanFactory     : Creating shared instance of singleton bean 'administratorService'
2024-12-04T04:05:00.410-06:00 DEBUG 20732 --- [           main] o.s.b.f.s.DefaultListableBeanFactory     : Creating shared instance of singleton bean 'administratorRepository'
2024-12-04T04:05:00.412-06:00 DEBUG 20732 --- [           main] o.s.b.f.s.DefaultListableBeanFactory     : Creating shared instance of singleton bean 'jpa.named-queries#2'
2024-12-04T04:05:00.414-06:00 DEBUG 20732 --- [           main] o.s.b.f.s.DefaultListableBeanFactory     : Creating shared instance of singleton bean 'jpa.AdministratorRepository.fragments#0'
2024-12-04T04:05:00.415-06:00 DEBUG 20732 --- [           main] tor$SharedEntityManagerInvocationHandler : Creating new EntityManager for shared EntityManager invocation
2024-12-04T04:05:00.449-06:00 DEBUG 20732 --- [           main] o.s.d.r.c.s.RepositoryFactorySupport     : Initializing repository instance for com.administrator.filmarte.repository.AdministratorRepository…
2024-12-04T04:05:00.450-06:00 DEBUG 20732 --- [           main] tor$SharedEntityManagerInvocationHandler : Creating new EntityManager for shared EntityManager invocation
2024-12-04T04:05:00.484-06:00 DEBUG 20732 --- [           main] o.s.d.jpa.repository.query.NamedQuery    : Did not find named query Administrator.getAdministratorsByNameJPQL.count
2024-12-04T04:05:00.484-06:00 DEBUG 20732 --- [           main] tor$SharedEntityManagerInvocationHandler : Creating new EntityManager for shared EntityManager invocation
2024-12-04T04:05:00.497-06:00 DEBUG 20732 --- [           main] o.s.d.jpa.repository.query.NamedQuery    : Did not find named query Administrator.getAdministratorsByLastNameStartingWith.count
2024-12-04T04:05:00.497-06:00 DEBUG 20732 --- [           main] tor$SharedEntityManagerInvocationHandler : Creating new EntityManager for shared EntityManager invocation
2024-12-04T04:05:00.499-06:00 DEBUG 20732 --- [           main] o.s.d.jpa.repository.query.NamedQuery    : Did not find named query Administrator.getAdministratorsByNameStartingWith.count
2024-12-04T04:05:00.500-06:00 DEBUG 20732 --- [           main] tor$SharedEntityManagerInvocationHandler : Creating new EntityManager for shared EntityManager invocation
2024-12-04T04:05:00.501-06:00 DEBUG 20732 --- [           main] o.s.d.jpa.repository.query.NamedQuery    : Did not find named query Administrator.getAdministratorsByEmail.count
2024-12-04T04:05:00.501-06:00 DEBUG 20732 --- [           main] tor$SharedEntityManagerInvocationHandler : Creating new EntityManager for shared EntityManager invocation
2024-12-04T04:05:00.502-06:00 DEBUG 20732 --- [           main] o.s.d.jpa.repository.query.NamedQuery    : Looking up named query Administrator.findByPassword
2024-12-04T04:05:00.503-06:00 DEBUG 20732 --- [           main] o.s.d.jpa.repository.query.NamedQuery    : Did not find named query Administrator.findByPassword
2024-12-04T04:05:00.503-06:00 DEBUG 20732 --- [           main] tor$SharedEntityManagerInvocationHandler : Creating new EntityManager for shared EntityManager invocation
2024-12-04T04:05:00.510-06:00 DEBUG 20732 --- [           main] o.s.d.jpa.repository.query.NamedQuery    : Did not find named query Administrator.getAdministratorsByLastNameJPQL.count
2024-12-04T04:05:00.511-06:00 DEBUG 20732 --- [           main] tor$SharedEntityManagerInvocationHandler : Creating new EntityManager for shared EntityManager invocation
2024-12-04T04:05:00.515-06:00 DEBUG 20732 --- [           main] o.s.d.jpa.repository.query.NamedQuery    : Did not find named query Administrator.getAdministratorsByEmailJPQL.count
2024-12-04T04:05:00.515-06:00 DEBUG 20732 --- [           main] tor$SharedEntityManagerInvocationHandler : Creating new EntityManager for shared EntityManager invocation
2024-12-04T04:05:00.519-06:00 DEBUG 20732 --- [           main] o.s.d.jpa.repository.query.NamedQuery    : Did not find named query Administrator.getAdministratorById.count
2024-12-04T04:05:00.519-06:00 DEBUG 20732 --- [           main] tor$SharedEntityManagerInvocationHandler : Creating new EntityManager for shared EntityManager invocation
2024-12-04T04:05:00.521-06:00 DEBUG 20732 --- [           main] o.s.d.jpa.repository.query.NamedQuery    : Did not find named query Administrator.getAdministratorByIdJPQL.count
2024-12-04T04:05:00.522-06:00 DEBUG 20732 --- [           main] tor$SharedEntityManagerInvocationHandler : Creating new EntityManager for shared EntityManager invocation
2024-12-04T04:05:00.524-06:00 DEBUG 20732 --- [           main] o.s.d.jpa.repository.query.NamedQuery    : Looking up named query Administrator.findByLastname
2024-12-04T04:05:00.525-06:00 DEBUG 20732 --- [           main] o.s.d.jpa.repository.query.NamedQuery    : Did not find named query Administrator.findByLastname
2024-12-04T04:05:00.525-06:00 DEBUG 20732 --- [           main] tor$SharedEntityManagerInvocationHandler : Creating new EntityManager for shared EntityManager invocation
2024-12-04T04:05:00.531-06:00 DEBUG 20732 --- [           main] o.s.d.jpa.repository.query.NamedQuery    : Did not find named query Administrator.getAdministratorsByEmailStartingWith.count
2024-12-04T04:05:00.531-06:00 DEBUG 20732 --- [           main] tor$SharedEntityManagerInvocationHandler : Creating new EntityManager for shared EntityManager invocation
2024-12-04T04:05:00.533-06:00 DEBUG 20732 --- [           main] o.s.d.jpa.repository.query.NamedQuery    : Did not find named query Administrator.getAdministratorsByName.count
2024-12-04T04:05:00.533-06:00 DEBUG 20732 --- [           main] tor$SharedEntityManagerInvocationHandler : Creating new EntityManager for shared EntityManager invocation
2024-12-04T04:05:00.534-06:00 DEBUG 20732 --- [           main] o.s.d.jpa.repository.query.NamedQuery    : Did not find named query Administrator.getAdministratorsByLastName.count
2024-12-04T04:05:00.535-06:00 DEBUG 20732 --- [           main] tor$SharedEntityManagerInvocationHandler : Creating new EntityManager for shared EntityManager invocation
2024-12-04T04:05:00.535-06:00 DEBUG 20732 --- [           main] o.s.d.jpa.repository.query.NamedQuery    : Looking up named query Administrator.findByName
2024-12-04T04:05:00.536-06:00 DEBUG 20732 --- [           main] o.s.d.jpa.repository.query.NamedQuery    : Did not find named query Administrator.findByName
2024-12-04T04:05:00.536-06:00 DEBUG 20732 --- [           main] tor$SharedEntityManagerInvocationHandler : Creating new EntityManager for shared EntityManager invocation
2024-12-04T04:05:00.540-06:00 DEBUG 20732 --- [           main] o.s.d.r.c.s.RepositoryFactorySupport     : Finished creation of repository instance for com.administrator.filmarte.repository.AdministratorRepository.
2024-12-04T04:05:00.560-06:00 DEBUG 20732 --- [           main] o.s.b.f.s.DefaultListableBeanFactory     : Creating shared instance of singleton bean 'categoryController'
2024-12-04T04:05:00.562-06:00 DEBUG 20732 --- [           main] o.s.b.f.s.DefaultListableBeanFactory     : Creating shared instance of singleton bean 'categoryService'
2024-12-04T04:05:00.564-06:00 DEBUG 20732 --- [           main] o.s.b.f.s.DefaultListableBeanFactory     : Creating shared instance of singleton bean 'categoryRepository'
2024-12-04T04:05:00.565-06:00 DEBUG 20732 --- [           main] o.s.b.f.s.DefaultListableBeanFactory     : Creating shared instance of singleton bean 'jpa.named-queries#5'
2024-12-04T04:05:00.567-06:00 DEBUG 20732 --- [           main] o.s.b.f.s.DefaultListableBeanFactory     : Creating shared instance of singleton bean 'jpa.CategoryRepository.fragments#0'
2024-12-04T04:05:00.568-06:00 DEBUG 20732 --- [           main] tor$SharedEntityManagerInvocationHandler : Creating new EntityManager for shared EntityManager invocation
2024-12-04T04:05:00.569-06:00 DEBUG 20732 --- [           main] o.s.d.r.c.s.RepositoryFactorySupport     : Initializing repository instance for com.administrator.filmarte.repository.CategoryRepository…
2024-12-04T04:05:00.569-06:00 DEBUG 20732 --- [           main] tor$SharedEntityManagerInvocationHandler : Creating new EntityManager for shared EntityManager invocation
2024-12-04T04:05:00.589-06:00 DEBUG 20732 --- [           main] o.s.d.jpa.repository.query.NamedQuery    : Did not find named query Category.getCategoryByIdJPQL.count
2024-12-04T04:05:00.589-06:00 DEBUG 20732 --- [           main] tor$SharedEntityManagerInvocationHandler : Creating new EntityManager for shared EntityManager invocation
2024-12-04T04:05:00.594-06:00 DEBUG 20732 --- [           main] o.s.d.jpa.repository.query.NamedQuery    : Did not find named query Category.getCategoriesByCategoryTypeStartingWith.count
2024-12-04T04:05:00.594-06:00 DEBUG 20732 --- [           main] tor$SharedEntityManagerInvocationHandler : Creating new EntityManager for shared EntityManager invocation
2024-12-04T04:05:00.597-06:00 DEBUG 20732 --- [           main] o.s.d.jpa.repository.query.NamedQuery    : Did not find named query Category.getCategoriesByCategoryTypeJPQL.count
2024-12-04T04:05:00.598-06:00 DEBUG 20732 --- [           main] tor$SharedEntityManagerInvocationHandler : Creating new EntityManager for shared EntityManager invocation
2024-12-04T04:05:00.600-06:00 DEBUG 20732 --- [           main] o.s.d.jpa.repository.query.NamedQuery    : Looking up named query Category.findByDescriptionContaining
2024-12-04T04:05:00.601-06:00 DEBUG 20732 --- [           main] o.s.d.jpa.repository.query.NamedQuery    : Did not find named query Category.findByDescriptionContaining
2024-12-04T04:05:00.601-06:00 DEBUG 20732 --- [           main] tor$SharedEntityManagerInvocationHandler : Creating new EntityManager for shared EntityManager invocation
2024-12-04T04:05:00.603-06:00 DEBUG 20732 --- [           main] o.s.d.jpa.repository.query.NamedQuery    : Did not find named query Category.getCategoriesByDescription.count
2024-12-04T04:05:00.603-06:00 DEBUG 20732 --- [           main] tor$SharedEntityManagerInvocationHandler : Creating new EntityManager for shared EntityManager invocation
2024-12-04T04:05:00.605-06:00 DEBUG 20732 --- [           main] o.s.d.jpa.repository.query.NamedQuery    : Did not find named query Category.getCategoriesByDescriptionStartingWith.count
2024-12-04T04:05:00.605-06:00 DEBUG 20732 --- [           main] tor$SharedEntityManagerInvocationHandler : Creating new EntityManager for shared EntityManager invocation
2024-12-04T04:05:00.607-06:00 DEBUG 20732 --- [           main] o.s.d.jpa.repository.query.NamedQuery    : Did not find named query Category.getCategoryById.count
2024-12-04T04:05:00.607-06:00 DEBUG 20732 --- [           main] tor$SharedEntityManagerInvocationHandler : Creating new EntityManager for shared EntityManager invocation
2024-12-04T04:05:00.609-06:00 DEBUG 20732 --- [           main] o.s.d.jpa.repository.query.NamedQuery    : Did not find named query Category.getCategoriesByDescriptionJPQL.count
2024-12-04T04:05:00.609-06:00 DEBUG 20732 --- [           main] tor$SharedEntityManagerInvocationHandler : Creating new EntityManager for shared EntityManager invocation
2024-12-04T04:05:00.614-06:00 DEBUG 20732 --- [           main] o.s.d.jpa.repository.query.NamedQuery    : Looking up named query Category.findByCategoryType
2024-12-04T04:05:00.615-06:00 DEBUG 20732 --- [           main] o.s.d.jpa.repository.query.NamedQuery    : Did not find named query Category.findByCategoryType
2024-12-04T04:05:00.615-06:00 DEBUG 20732 --- [           main] tor$SharedEntityManagerInvocationHandler : Creating new EntityManager for shared EntityManager invocation
2024-12-04T04:05:00.618-06:00 DEBUG 20732 --- [           main] o.s.d.jpa.repository.query.NamedQuery    : Did not find named query Category.getCategoriesByCategoryType.count
2024-12-04T04:05:00.618-06:00 DEBUG 20732 --- [           main] tor$SharedEntityManagerInvocationHandler : Creating new EntityManager for shared EntityManager invocation
2024-12-04T04:05:00.622-06:00 DEBUG 20732 --- [           main] o.s.d.r.c.s.RepositoryFactorySupport     : Finished creation of repository instance for com.administrator.filmarte.repository.CategoryRepository.
2024-12-04T04:05:00.641-06:00 DEBUG 20732 --- [           main] o.s.b.f.s.DefaultListableBeanFactory     : Creating shared instance of singleton bean 'commentController'
2024-12-04T04:05:00.643-06:00 DEBUG 20732 --- [           main] o.s.b.f.s.DefaultListableBeanFactory     : Creating shared instance of singleton bean 'commentService'
2024-12-04T04:05:00.825-06:00  INFO 20732 --- [           main] c.a.c.h.n.implementation.NettyUtility    : {"az.sdk.message":"The following Netty versions were found on the classpath and have a mismatch with the versions used by azure-core-http-netty. If your application runs without issue this message can be ignored, otherwise please align the Netty versions used in your application. For more information, see https://aka.ms/azsdk/java/dependency/troubleshoot.","azure-netty-version":"4.1.110.Final","azure-netty-native-version":"2.0.65.Final","classpath-netty-version-io.netty:netty-common":"4.1.97.Final","classpath-netty-version-io.netty:netty-handler":"4.1.97.Final","classpath-netty-version-io.netty:netty-handler-proxy":"4.1.97.Final","classpath-netty-version-io.netty:netty-buffer":"4.1.97.Final","classpath-netty-version-io.netty:netty-codec":"4.1.97.Final","classpath-netty-version-io.netty:netty-codec-http":"4.1.97.Final","classpath-netty-version-io.netty:netty-codec-http2":"4.1.97.Final","classpath-netty-version-io.netty:netty-transport-native-unix-common":"4.1.97.Final","classpath-netty-version-io.netty:netty-transport-native-epoll":"4.1.97.Final","classpath-netty-version-io.netty:netty-transport-native-kqueue":"4.1.97.Final","classpath-native-netty-version-io.netty:netty-tcnative-boringssl-static":"2.0.61.Final"}
2024-12-04T04:05:00.996-06:00 DEBUG 20732 --- [           main] o.s.b.f.s.DefaultListableBeanFactory     : Creating shared instance of singleton bean 'commentRepository'
2024-12-04T04:05:00.997-06:00 DEBUG 20732 --- [           main] o.s.b.f.s.DefaultListableBeanFactory     : Creating shared instance of singleton bean 'jpa.named-queries#0'
2024-12-04T04:05:00.998-06:00 DEBUG 20732 --- [           main] o.s.b.f.s.DefaultListableBeanFactory     : Creating shared instance of singleton bean 'jpa.CommentRepository.fragments#0'
2024-12-04T04:05:00.999-06:00 DEBUG 20732 --- [           main] tor$SharedEntityManagerInvocationHandler : Creating new EntityManager for shared EntityManager invocation
2024-12-04T04:05:01.012-06:00 DEBUG 20732 --- [           main] o.s.d.r.c.s.RepositoryFactorySupport     : Initializing repository instance for com.administrator.filmarte.repository.CommentRepository…
2024-12-04T04:05:01.013-06:00 DEBUG 20732 --- [           main] tor$SharedEntityManagerInvocationHandler : Creating new EntityManager for shared EntityManager invocation
2024-12-04T04:05:01.040-06:00 DEBUG 20732 --- [           main] o.s.d.jpa.repository.query.NamedQuery    : Looking up named query Comment.findByAuthorIgnoreCase
2024-12-04T04:05:01.040-06:00 DEBUG 20732 --- [           main] o.s.d.jpa.repository.query.NamedQuery    : Did not find named query Comment.findByAuthorIgnoreCase
2024-12-04T04:05:01.041-06:00 DEBUG 20732 --- [           main] tor$SharedEntityManagerInvocationHandler : Creating new EntityManager for shared EntityManager invocation
2024-12-04T04:05:01.045-06:00 DEBUG 20732 --- [           main] o.s.d.r.c.s.RepositoryFactorySupport     : Finished creation of repository instance for com.administrator.filmarte.repository.CommentRepository.
2024-12-04T04:05:01.061-06:00 DEBUG 20732 --- [           main] o.s.b.f.s.DefaultListableBeanFactory     : Creating shared instance of singleton bean 'directorController'
2024-12-04T04:05:01.062-06:00 DEBUG 20732 --- [           main] o.s.b.f.s.DefaultListableBeanFactory     : Creating shared instance of singleton bean 'directorService'
2024-12-04T04:05:01.064-06:00 DEBUG 20732 --- [           main] o.s.b.f.s.DefaultListableBeanFactory     : Creating shared instance of singleton bean 'directorRepository'
2024-12-04T04:05:01.065-06:00 DEBUG 20732 --- [           main] o.s.b.f.s.DefaultListableBeanFactory     : Creating shared instance of singleton bean 'jpa.named-queries#11'
2024-12-04T04:05:01.066-06:00 DEBUG 20732 --- [           main] o.s.b.f.s.DefaultListableBeanFactory     : Creating shared instance of singleton bean 'jpa.DirectorRepository.fragments#0'
2024-12-04T04:05:01.066-06:00 DEBUG 20732 --- [           main] tor$SharedEntityManagerInvocationHandler : Creating new EntityManager for shared EntityManager invocation
2024-12-04T04:05:01.067-06:00 DEBUG 20732 --- [           main] o.s.d.r.c.s.RepositoryFactorySupport     : Initializing repository instance for com.administrator.filmarte.repository.DirectorRepository…
2024-12-04T04:05:01.067-06:00 DEBUG 20732 --- [           main] tor$SharedEntityManagerInvocationHandler : Creating new EntityManager for shared EntityManager invocation
2024-12-04T04:05:01.077-06:00 DEBUG 20732 --- [           main] o.s.d.jpa.repository.query.NamedQuery    : Did not find named query Director.getDirectorsByFirstNameStartingWith.count
2024-12-04T04:05:01.077-06:00 DEBUG 20732 --- [           main] tor$SharedEntityManagerInvocationHandler : Creating new EntityManager for shared EntityManager invocation
2024-12-04T04:05:01.078-06:00 DEBUG 20732 --- [           main] o.s.d.jpa.repository.query.NamedQuery    : Did not find named query Director.getDirectorsByFirstName.count
2024-12-04T04:05:01.078-06:00 DEBUG 20732 --- [           main] tor$SharedEntityManagerInvocationHandler : Creating new EntityManager for shared EntityManager invocation
2024-12-04T04:05:01.080-06:00 DEBUG 20732 --- [           main] o.s.d.jpa.repository.query.NamedQuery    : Did not find named query Director.getDirectorsByLastNameFatherJPQL.count
2024-12-04T04:05:01.080-06:00 DEBUG 20732 --- [           main] tor$SharedEntityManagerInvocationHandler : Creating new EntityManager for shared EntityManager invocation
2024-12-04T04:05:01.082-06:00 DEBUG 20732 --- [           main] o.s.d.jpa.repository.query.NamedQuery    : Did not find named query Director.getDirectorsByLastNameFatherStartingWith.count
2024-12-04T04:05:01.082-06:00 DEBUG 20732 --- [           main] tor$SharedEntityManagerInvocationHandler : Creating new EntityManager for shared EntityManager invocation
2024-12-04T04:05:01.083-06:00 DEBUG 20732 --- [           main] o.s.d.jpa.repository.query.NamedQuery    : Did not find named query Director.getDirectorsByLastNameMother.count
2024-12-04T04:05:01.083-06:00 DEBUG 20732 --- [           main] tor$SharedEntityManagerInvocationHandler : Creating new EntityManager for shared EntityManager invocation
2024-12-04T04:05:01.084-06:00 DEBUG 20732 --- [           main] o.s.d.jpa.repository.query.NamedQuery    : Looking up named query Director.findByFirstName
2024-12-04T04:05:01.084-06:00 DEBUG 20732 --- [           main] o.s.d.jpa.repository.query.NamedQuery    : Did not find named query Director.findByFirstName
2024-12-04T04:05:01.084-06:00 DEBUG 20732 --- [           main] tor$SharedEntityManagerInvocationHandler : Creating new EntityManager for shared EntityManager invocation
2024-12-04T04:05:01.086-06:00 DEBUG 20732 --- [           main] o.s.d.jpa.repository.query.NamedQuery    : Did not find named query Director.getDirectorByIdJPQL.count
2024-12-04T04:05:01.087-06:00 DEBUG 20732 --- [           main] tor$SharedEntityManagerInvocationHandler : Creating new EntityManager for shared EntityManager invocation
2024-12-04T04:05:01.089-06:00 DEBUG 20732 --- [           main] o.s.d.jpa.repository.query.NamedQuery    : Did not find named query Director.getDirectorsByLastNameMotherJPQL.count
2024-12-04T04:05:01.089-06:00 DEBUG 20732 --- [           main] tor$SharedEntityManagerInvocationHandler : Creating new EntityManager for shared EntityManager invocation
2024-12-04T04:05:01.090-06:00 DEBUG 20732 --- [           main] o.s.d.jpa.repository.query.NamedQuery    : Looking up named query Director.findByLastNameMother
2024-12-04T04:05:01.090-06:00 DEBUG 20732 --- [           main] o.s.d.jpa.repository.query.NamedQuery    : Did not find named query Director.findByLastNameMother
2024-12-04T04:05:01.090-06:00 DEBUG 20732 --- [           main] tor$SharedEntityManagerInvocationHandler : Creating new EntityManager for shared EntityManager invocation
2024-12-04T04:05:01.091-06:00 DEBUG 20732 --- [           main] o.s.d.jpa.repository.query.NamedQuery    : Looking up named query Director.findByLastNameFather
2024-12-04T04:05:01.092-06:00 DEBUG 20732 --- [           main] o.s.d.jpa.repository.query.NamedQuery    : Did not find named query Director.findByLastNameFather
2024-12-04T04:05:01.092-06:00 DEBUG 20732 --- [           main] tor$SharedEntityManagerInvocationHandler : Creating new EntityManager for shared EntityManager invocation
2024-12-04T04:05:01.093-06:00 DEBUG 20732 --- [           main] o.s.d.jpa.repository.query.NamedQuery    : Did not find named query Director.getDirectorsByLastNameMotherStartingWith.count
2024-12-04T04:05:01.094-06:00 DEBUG 20732 --- [           main] tor$SharedEntityManagerInvocationHandler : Creating new EntityManager for shared EntityManager invocation
2024-12-04T04:05:01.095-06:00 DEBUG 20732 --- [           main] o.s.d.jpa.repository.query.NamedQuery    : Did not find named query Director.getDirectorsByLastNameFather.count
2024-12-04T04:05:01.095-06:00 DEBUG 20732 --- [           main] tor$SharedEntityManagerInvocationHandler : Creating new EntityManager for shared EntityManager invocation
2024-12-04T04:05:01.095-06:00 DEBUG 20732 --- [           main] o.s.d.jpa.repository.query.NamedQuery    : Did not find named query Director.getDirectorById.count
2024-12-04T04:05:01.096-06:00 DEBUG 20732 --- [           main] tor$SharedEntityManagerInvocationHandler : Creating new EntityManager for shared EntityManager invocation
2024-12-04T04:05:01.097-06:00 DEBUG 20732 --- [           main] o.s.d.jpa.repository.query.NamedQuery    : Did not find named query Director.getDirectorsByFirstNameJPQL.count
2024-12-04T04:05:01.097-06:00 DEBUG 20732 --- [           main] tor$SharedEntityManagerInvocationHandler : Creating new EntityManager for shared EntityManager invocation
2024-12-04T04:05:01.102-06:00 DEBUG 20732 --- [           main] o.s.d.r.c.s.RepositoryFactorySupport     : Finished creation of repository instance for com.administrator.filmarte.repository.DirectorRepository.
2024-12-04T04:05:01.126-06:00 DEBUG 20732 --- [           main] o.s.b.f.s.DefaultListableBeanFactory     : Creating shared instance of singleton bean 'favoritesListController'
2024-12-04T04:05:01.134-06:00 DEBUG 20732 --- [           main] o.s.b.f.s.DefaultListableBeanFactory     : Creating shared instance of singleton bean 'favoritesListService'
2024-12-04T04:05:01.137-06:00 DEBUG 20732 --- [           main] o.s.b.f.s.DefaultListableBeanFactory     : Creating shared instance of singleton bean 'favoritesListRepository'
2024-12-04T04:05:01.138-06:00 DEBUG 20732 --- [           main] o.s.b.f.s.DefaultListableBeanFactory     : Creating shared instance of singleton bean 'jpa.named-queries#6'
2024-12-04T04:05:01.140-06:00 DEBUG 20732 --- [           main] o.s.b.f.s.DefaultListableBeanFactory     : Creating shared instance of singleton bean 'jpa.FavoritesListRepository.fragments#0'
2024-12-04T04:05:01.142-06:00 DEBUG 20732 --- [           main] tor$SharedEntityManagerInvocationHandler : Creating new EntityManager for shared EntityManager invocation
2024-12-04T04:05:01.144-06:00 DEBUG 20732 --- [           main] o.s.d.r.c.s.RepositoryFactorySupport     : Initializing repository instance for com.administrator.filmarte.repository.FavoritesListRepository…
2024-12-04T04:05:01.145-06:00 DEBUG 20732 --- [           main] tor$SharedEntityManagerInvocationHandler : Creating new EntityManager for shared EntityManager invocation
2024-12-04T04:05:01.157-06:00 DEBUG 20732 --- [           main] o.s.d.jpa.repository.query.NamedQuery    : Did not find named query FavoritesList.getFavoritesListByMovieTitleStartingWith.count
2024-12-04T04:05:01.157-06:00 DEBUG 20732 --- [           main] tor$SharedEntityManagerInvocationHandler : Creating new EntityManager for shared EntityManager invocation
2024-12-04T04:05:01.158-06:00 DEBUG 20732 --- [           main] o.s.d.jpa.repository.query.NamedQuery    : Looking up named query FavoritesList.findByMovieTitleContainingIgnoreCase
[...]

   SecurityFilterAutoConfiguration:
      Did not match:
         - @ConditionalOnClass did not find required class 'org.springframework.security.config.http.SessionCreationPolicy' (OnClassCondition)

   SendGridAutoConfiguration:
      Did not match:
         - @ConditionalOnClass did not find required class 'com.sendgrid.SendGrid' (OnClassCondition)

   ServletWebServerFactoryAutoConfiguration.ForwardedHeaderFilterConfiguration:
      Did not match:
         - @ConditionalOnProperty (server.forward-headers-strategy=framework) did not find property 'server.forward-headers-strategy' (OnPropertyCondition)

   ServletWebServerFactoryConfiguration.EmbeddedJetty:
      Did not match:
         - @ConditionalOnClass did not find required classes 'org.eclipse.jetty.server.Server', 'org.eclipse.jetty.util.Loader', 'org.eclipse.jetty.webapp.WebAppContext' (OnClassCondition)

   ServletWebServerFactoryConfiguration.EmbeddedUndertow:
      Did not match:
         - @ConditionalOnClass did not find required classes 'io.undertow.Undertow', 'org.xnio.SslClientAuthMode' (OnClassCondition)

   SessionAutoConfiguration:
      Did not match:
         - @ConditionalOnClass did not find required class 'org.springframework.session.Session' (OnClassCondition)

   SpringApplicationAdminJmxAutoConfiguration:
      Did not match:
         - @ConditionalOnProperty (spring.application.admin.enabled=true) did not find property 'enabled' (OnPropertyCondition)

   SpringDocConfiguration#propertiesResolverForSchema:
      Did not match:
         - @ConditionalOnProperty (springdoc.api-docs.resolve-schema-properties) did not find property 'springdoc.api-docs.resolve-schema-properties' (OnPropertyCondition)

   SpringDocConfiguration#propertyCustomizingConverter:
      Did not match:
         - @ConditionalOnBean (types: org.springdoc.core.customizers.PropertyCustomizer; SearchStrategy: all) did not find any beans of type org.springdoc.core.customizers.PropertyCustomizer (OnBeanCondition)

   SpringDocConfiguration#springdocBeanFactoryPostProcessor:
      Did not match:
         - AnyNestedCondition 0 matched 2 did not; NestedCondition on CacheOrGroupedOpenApiCondition.OnCacheDisabled found non-matching nested conditions @ConditionalOnProperty (springdoc.cache.disabled) did not find property 'springdoc.cache.disabled'; NestedCondition on CacheOrGroupedOpenApiCondition.OnMultipleOpenApiSupportCondition AnyNestedCondition 0 matched 2 did not; NestedCondition on MultipleOpenApiSupportCondition.OnActuatorDifferentPort @ConditionalOnProperty (springdoc.show-actuator) did not find property 'springdoc.show-actuator'; NestedCondition on MultipleOpenApiSupportCondition.OnMultipleOpenApiSupportCondition AnyNestedCondition 0 matched 2 did not; NestedCondition on MultipleOpenApiGroupsCondition.OnGroupConfigProperty @ConditionalOnProperty (springdoc.group-configs[0].group) did not find property 'springdoc.group-configs[0].group'; NestedCondition on MultipleOpenApiGroupsCondition.OnGroupedOpenApiBean @ConditionalOnBean (types: org.springdoc.core.models.GroupedOpenApi; SearchStrategy: all) did not find any beans of type org.springdoc.core.models.GroupedOpenApi (CacheOrGroupedOpenApiCondition)
      Matched:
         - @ConditionalOnClass found required class 'org.springframework.boot.context.properties.bind.BindResult' (OnClassCondition)

   SpringDocConfiguration#springdocBeanFactoryPostProcessor2:
      Did not match:
         - @ConditionalOnMissingClass found unwanted class 'org.springframework.boot.context.properties.bind.BindResult' (OnClassCondition)

   SpringDocConfiguration.SpringDocActuatorConfiguration:
      Did not match:
         - @ConditionalOnClass did not find required class 'org.springframework.boot.actuate.autoconfigure.endpoint.web.WebEndpointProperties' (OnClassCondition)

   SpringDocConfiguration.SpringDocRepositoryRestConfiguration:
      Did not match:
         - @ConditionalOnClass did not find required class 'org.springframework.data.rest.core.config.RepositoryRestConfiguration' (OnClassCondition)

   SpringDocDataRestConfiguration:
      Did not match:
         - @ConditionalOnClass did not find required class 'org.springframework.data.rest.core.config.RepositoryRestConfiguration' (OnClassCondition)

   SpringDocFunctionCatalogConfiguration:
      Did not match:
         - @ConditionalOnClass did not find required class 'org.springframework.cloud.function.web.function.FunctionEndpointInitializer' (OnClassCondition)

   SpringDocGroovyConfiguration:
      Did not match:
         - @ConditionalOnClass did not find required class 'groovy.lang.MetaClass' (OnClassCondition)

   SpringDocHateoasConfiguration:
      Did not match:
         - @ConditionalOnClass did not find required class 'org.springframework.hateoas.server.LinkRelationProvider' (OnClassCondition)

   SpringDocJacksonKotlinModuleConfiguration:
      Did not match:
         - @ConditionalOnClass did not find required class 'com.fasterxml.jackson.module.kotlin.KotlinModule' (OnClassCondition)

   SpringDocJavadocConfiguration:
      Did not match:
         - @ConditionalOnClass did not find required class 'com.github.therapi.runtimejavadoc.CommentFormatter' (OnClassCondition)

   SpringDocKotlinConfiguration:
      Did not match:
         - @ConditionalOnClass did not find required class 'kotlin.coroutines.Continuation' (OnClassCondition)

   SpringDocKotlinxConfiguration:
      Did not match:
         - @ConditionalOnClass did not find required class 'kotlinx.coroutines.flow.Flow' (OnClassCondition)

   SpringDocSecurityConfiguration:
      Did not match:
         - @ConditionalOnClass did not find required class 'org.springframework.security.web.SecurityFilterChain' (OnClassCondition)

   SpringDocSortConfiguration#delegatingMethodParameterCustomizer:
      Did not match:
         - @ConditionalOnMissingBean (types: org.springdoc.core.customizers.DelegatingMethodParameterCustomizer; SearchStrategy: all) found beans of type 'org.springdoc.core.customizers.DelegatingMethodParameterCustomizer' delegatingMethodParameterCustomizer (OnBeanCondition)

   SpringDocWebMvcConfiguration.SpringDocWebMvcActuatorConfiguration:
      Did not match:
         - @ConditionalOnClass did not find required class 'org.springframework.boot.actuate.endpoint.web.servlet.WebMvcEndpointHandlerMapping' (OnClassCondition)

   SwaggerConfig#springWebProvider:
      Did not match:
         - @ConditionalOnMissingBean (types: org.springdoc.core.providers.SpringWebProvider; SearchStrategy: all) found beans of type 'org.springdoc.core.providers.SpringWebProvider' springWebProvider (OnBeanCondition)

   SwaggerConfig#swaggerUiConfigParameters:
      Did not match:
         - @ConditionalOnMissingBean (types: org.springdoc.core.properties.SwaggerUiConfigParameters; SearchStrategy: all) found beans of type 'org.springdoc.core.properties.SwaggerUiConfigParameters' org.springdoc.core.properties.SwaggerUiConfigParameters (OnBeanCondition)

   SwaggerConfig#swaggerUiHome:
      Did not match:
         - @ConditionalOnProperty (springdoc.swagger-ui.use-root-path=true) did not find property 'springdoc.swagger-ui.use-root-path' (OnPropertyCondition)

   SwaggerConfig.SwaggerActuatorWelcomeConfiguration:
      Did not match:
         - @ConditionalOnClass did not find required class 'org.springframework.boot.actuate.endpoint.web.servlet.WebMvcEndpointHandlerMapping' (OnClassCondition)

   TaskSchedulingAutoConfiguration#scheduledBeanLazyInitializationExcludeFilter:
      Did not match:
         - @ConditionalOnBean (names: org.springframework.context.annotation.internalScheduledAnnotationProcessor; SearchStrategy: all) did not find any beans named org.springframework.context.annotation.internalScheduledAnnotationProcessor (OnBeanCondition)

   TaskSchedulingAutoConfiguration#taskScheduler:
      Did not match:
         - @ConditionalOnBean (names: org.springframework.context.annotation.internalScheduledAnnotationProcessor; SearchStrategy: all) did not find any beans named org.springframework.context.annotation.internalScheduledAnnotationProcessor (OnBeanCondition)

   TemplateEngineConfigurations.ReactiveTemplateEngineConfiguration:
      Did not match:
         - did not find reactive web application classes (OnWebApplicationCondition)

   ThymeleafAutoConfiguration.DataAttributeDialectConfiguration:
      Did not match:
         - @ConditionalOnClass did not find required class 'com.github.mxab.thymeleaf.extras.dataattribute.dialect.DataAttributeDialect' (OnClassCondition)

   ThymeleafAutoConfiguration.ThymeleafSecurityDialectConfiguration:
      Did not match:
         - @ConditionalOnClass did not find required classes 'org.thymeleaf.extras.springsecurity6.dialect.SpringSecurityDialect', 'org.springframework.security.web.server.csrf.CsrfToken' (OnClassCondition)

   ThymeleafAutoConfiguration.ThymeleafWebFluxConfiguration:
      Did not match:
         - did not find reactive web application classes (OnWebApplicationCondition)

   ThymeleafAutoConfiguration.ThymeleafWebLayoutConfiguration:
      Did not match:
         - @ConditionalOnClass did not find required class 'nz.net.ultraq.thymeleaf.layoutdialect.LayoutDialect' (OnClassCondition)

   ThymeleafAutoConfiguration.ThymeleafWebMvcConfiguration#resourceUrlEncodingFilter:
      Did not match:
         - @ConditionalOnEnabledResourceChain did not find class org.webjars.WebJarAssetLocator (OnEnabledResourceChainCondition)

   TransactionAutoConfiguration#transactionalOperator:
      Did not match:
         - @ConditionalOnSingleCandidate (types: org.springframework.transaction.ReactiveTransactionManager; SearchStrategy: all) did not find any beans (OnBeanCondition)

   TransactionAutoConfiguration.EnableTransactionManagementConfiguration.JdkDynamicAutoProxyConfiguration:
      Did not match:
         - @ConditionalOnProperty (spring.aop.proxy-target-class=false) did not find property 'proxy-target-class' (OnPropertyCondition)

   UserDetailsServiceAutoConfiguration:
      Did not match:
         - @ConditionalOnClass did not find required class 'org.springframework.security.authentication.AuthenticationManager' (OnClassCondition)

   WebClientAutoConfiguration:
      Did not match:
         - @ConditionalOnClass did not find required class 'org.springframework.web.reactive.function.client.WebClient' (OnClassCondition)

   WebFluxAutoConfiguration:
      Did not match:
         - @ConditionalOnClass did not find required class 'org.springframework.web.reactive.config.WebFluxConfigurer' (OnClassCondition)

   WebMvcAutoConfiguration#hiddenHttpMethodFilter:
      Did not match:
         - @ConditionalOnProperty (spring.mvc.hiddenmethod.filter.enabled) did not find property 'enabled' (OnPropertyCondition)

   WebMvcAutoConfiguration.ProblemDetailsErrorHandlingConfiguration:
      Did not match:
         - @ConditionalOnProperty (spring.mvc.problemdetails.enabled=true) did not find property 'enabled' (OnPropertyCondition)

   WebMvcAutoConfiguration.ResourceChainCustomizerConfiguration:
      Did not match:
         - @ConditionalOnEnabledResourceChain did not find class org.webjars.WebJarAssetLocator (OnEnabledResourceChainCondition)

   WebMvcAutoConfiguration.WebMvcAutoConfigurationAdapter#beanNameViewResolver:
      Did not match:
         - @ConditionalOnBean (types: org.springframework.web.servlet.View; SearchStrategy: all) did not find any beans of type org.springframework.web.servlet.View (OnBeanCondition)

   WebServiceTemplateAutoConfiguration:
      Did not match:
         - @ConditionalOnClass did not find required class 'org.springframework.oxm.Marshaller' (OnClassCondition)

   WebServicesAutoConfiguration:
      Did not match:
         - @ConditionalOnClass did not find required class 'org.springframework.ws.transport.http.MessageDispatcherServlet' (OnClassCondition)

   WebSessionIdResolverAutoConfiguration:
      Did not match:
         - @ConditionalOnWebApplication did not find reactive web application classes (OnWebApplicationCondition)

   WebSocketMessagingAutoConfiguration:
      Did not match:
         - @ConditionalOnClass did not find required class 'org.springframework.web.socket.config.annotation.WebSocketMessageBrokerConfigurer' (OnClassCondition)

   WebSocketReactiveAutoConfiguration:
      Did not match:
         - @ConditionalOnWebApplication did not find reactive web application classes (OnWebApplicationCondition)

   WebSocketServletAutoConfiguration.JettyWebSocketConfiguration:
      Did not match:
         - @ConditionalOnClass did not find required class 'org.eclipse.jetty.websocket.jakarta.server.config.JakartaWebSocketServletContainerInitializer' (OnClassCondition)

   WebSocketServletAutoConfiguration.UndertowWebSocketConfiguration:
      Did not match:
         - @ConditionalOnClass did not find required class 'io.undertow.websockets.jsr.Bootstrap' (OnClassCondition)

   XADataSourceAutoConfiguration:
      Did not match:
         - @ConditionalOnBean (types: org.springframework.boot.jdbc.XADataSourceWrapper; SearchStrategy: all) did not find any beans of type org.springframework.boot.jdbc.XADataSourceWrapper (OnBeanCondition)
      Matched:
         - @ConditionalOnClass found required classes 'javax.sql.DataSource', 'jakarta.transaction.TransactionManager', 'org.springframework.jdbc.datasource.embedded.EmbeddedDatabaseType' (OnClassCondition)


Exclusions:
-----------

    org.springframework.boot.autoconfigure.jms.ArtemisAutoConfiguration

    org.springframework.boot.autoconfigure.batch.BatchAutoConfiguration

    org.springframework.boot.autoconfigure.cache.CacheAutoConfiguration

    org.springframework.boot.autoconfigure.cassandra.CassandraAutoConfiguration

    org.springframework.boot.autoconfigure.couchbase.CouchbaseAutoConfiguration

    org.springframework.boot.autoconfigure.data.mongo.MongoAutoConfiguration


Unconditional classes:
----------------------

    org.springframework.boot.autoconfigure.context.ConfigurationPropertiesAutoConfiguration

    org.springframework.boot.autoconfigure.ssl.SslAutoConfiguration

    org.springframework.boot.autoconfigure.context.PropertyPlaceholderAutoConfiguration

    org.springframework.boot.autoconfigure.context.LifecycleAutoConfiguration

    org.springframework.boot.autoconfigure.availability.ApplicationAvailabilityAutoConfiguration

    org.springframework.boot.autoconfigure.info.ProjectInfoAutoConfiguration



2024-12-04T04:05:03.174-06:00  INFO 20732 --- [           main] c.a.filmarte.FilmarteApplicationTests    : Started FilmarteApplicationTests in 17.919 seconds (process running for 19.344)
2024-12-04T04:05:03.176-06:00 DEBUG 20732 --- [           main] o.s.b.a.ApplicationAvailabilityBean      : Application availability state LivenessState changed to CORRECT
2024-12-04T04:05:03.178-06:00 DEBUG 20732 --- [           main] o.s.b.a.ApplicationAvailabilityBean      : Application availability state ReadinessState changed to ACCEPTING_TRAFFIC
2024-12-04T04:05:03.182-06:00 DEBUG 20732 --- [           main] org.springframework.test.context.cache   : Spring test ApplicationContext cache statistics: [DefaultContextCache@4cfa6fd8 size = 1, maxSize = 32, parentContextCount = 0, hitCount = 0, missCount = 1]
2024-12-04T04:05:03.183-06:00 DEBUG 20732 --- [           main] o.s.t.c.w.ServletTestExecutionListener   : Setting up MockHttpServletRequest, MockHttpServletResponse, ServletWebRequest, and RequestContextHolder for test class com.administrator.filmarte.FilmarteApplicationTests
2024-12-04T04:05:03.197-06:00 DEBUG 20732 --- [           main] DependencyInjectionTestExecutionListener : Performing dependency injection for test class com.administrator.filmarte.FilmarteApplicationTests
2024-12-04T04:05:03.197-06:00 DEBUG 20732 --- [           main] org.springframework.test.context.cache   : Spring test ApplicationContext cache statistics: [DefaultContextCache@4cfa6fd8 size = 1, maxSize = 32, parentContextCount = 0, hitCount = 1, missCount = 1]
2024-12-04T04:05:03.198-06:00 DEBUG 20732 --- [           main] org.springframework.test.context.cache   : Spring test ApplicationContext cache statistics: [DefaultContextCache@4cfa6fd8 size = 1, maxSize = 32, parentContextCount = 0, hitCount = 2, missCount = 1]
2024-12-04T04:05:03.207-06:00 DEBUG 20732 --- [           main] sContextBeforeModesTestExecutionListener : Before test method: class [FilmarteApplicationTests], method [contextLoads], class annotated with @DirtiesContext [false] with mode [null], method annotated with @DirtiesContext [false] with mode [null]
2024-12-04T04:05:03.211-06:00 DEBUG 20732 --- [           main] org.springframework.test.context.cache   : Spring test ApplicationContext cache statistics: [DefaultContextCache@4cfa6fd8 size = 1, maxSize = 32, parentContextCount = 0, hitCount = 3, missCount = 1]
2024-12-04T04:05:03.212-06:00 DEBUG 20732 --- [           main] org.springframework.test.context.cache   : Spring test ApplicationContext cache statistics: [DefaultContextCache@4cfa6fd8 size = 1, maxSize = 32, parentContextCount = 0, hitCount = 4, missCount = 1]
2024-12-04T04:05:03.744-06:00 DEBUG 20732 --- [           main] org.springframework.test.context.cache   : Spring test ApplicationContext cache statistics: [DefaultContextCache@4cfa6fd8 size = 1, maxSize = 32, parentContextCount = 0, hitCount = 5, missCount = 1]
2024-12-04T04:05:03.750-06:00 DEBUG 20732 --- [           main] org.springframework.test.context.cache   : Spring test ApplicationContext cache statistics: [DefaultContextCache@4cfa6fd8 size = 1, maxSize = 32, parentContextCount = 0, hitCount = 6, missCount = 1]
2024-12-04T04:05:03.751-06:00 DEBUG 20732 --- [           main] org.springframework.test.context.cache   : Spring test ApplicationContext cache statistics: [DefaultContextCache@4cfa6fd8 size = 1, maxSize = 32, parentContextCount = 0, hitCount = 7, missCount = 1]
2024-12-04T04:05:03.751-06:00 DEBUG 20732 --- [           main] org.springframework.test.context.cache   : Spring test ApplicationContext cache statistics: [DefaultContextCache@4cfa6fd8 size = 1, maxSize = 32, parentContextCount = 0, hitCount = 8, missCount = 1]
2024-12-04T04:05:03.751-06:00 DEBUG 20732 --- [           main] org.springframework.test.context.cache   : Spring test ApplicationContext cache statistics: [DefaultContextCache@4cfa6fd8 size = 1, maxSize = 32, parentContextCount = 0, hitCount = 9, missCount = 1]
2024-12-04T04:05:03.752-06:00 DEBUG 20732 --- [           main] org.springframework.test.context.cache   : Spring test ApplicationContext cache statistics: [DefaultContextCache@4cfa6fd8 size = 1, maxSize = 32, parentContextCount = 0, hitCount = 10, missCount = 1]
2024-12-04T04:05:03.756-06:00 DEBUG 20732 --- [           main] org.springframework.test.context.cache   : Spring test ApplicationContext cache statistics: [DefaultContextCache@4cfa6fd8 size = 1, maxSize = 32, parentContextCount = 0, hitCount = 11, missCount = 1]
2024-12-04T04:05:03.756-06:00 DEBUG 20732 --- [           main] .c.s.DirtiesContextTestExecutionListener : After test method: class [FilmarteApplicationTests], method [contextLoads], class annotated with @DirtiesContext [false] with mode [null], method annotated with @DirtiesContext [false] with mode [null]
2024-12-04T04:05:03.756-06:00 DEBUG 20732 --- [           main] o.s.t.c.w.ServletTestExecutionListener   : Resetting RequestContextHolder for test class com.administrator.filmarte.FilmarteApplicationTests
]]></system-out>
    <system-err><![CDATA[WARNING: A Java agent has been loaded dynamically (C:\Users\amado\.m2\repository\net\bytebuddy\byte-buddy-agent\1.14.8\byte-buddy-agent-1.14.8.jar)
WARNING: If a serviceability tool is in use, please run with -XX:+EnableDynamicAgentLoading to hide this warning
WARNING: If a serviceability tool is not in use, please run with -Djdk.instrument.traceUsage for more information
WARNING: Dynamic loading of agents will be disallowed by default in a future release
]]></system-err>
  </testcase>
</testsuite>